3.520518241570205764e-02
3.520518241570205764e-02
3.520518241570205764e-02
3.520518241570205764e-02
3.520518241570205764e-02
3.520518241570205764e-02
3.520518241570205764e-02
3.520518241570205764e-02
3.520518241570205764e-02
3.520518241570205764e-02
3.520518241570205764e-02
3.520518241570205764e-02
3.520513896609971105e-02
3.520518241570205764e-02
3.520508928523147923e-02
3.520518241570205764e-02
3.520518241570205764e-02
3.520518241570205764e-02
3.520518241570205764e-02
3.520518241168079515e-02
3.520518241570205764e-02
3.520518241570205764e-02
3.520518241570205764e-02
3.520518241570205764e-02
3.520518241570205764e-02
3.520518241570205764e-02
3.520518241570205764e-02
3.520518241570205764e-02
3.520518241570205764e-02
3.520518241570205764e-02
3.520518241570205764e-02
3.520518241570205764e-02
3.520518241570205764e-02
3.520518241570205764e-02
3.520518241570205764e-02
3.520518241570205764e-02
3.520518241570205764e-02
3.520518241570205764e-02
3.520518241570205764e-02
3.520518241570205764e-02
3.520518241570205764e-02
3.520518241570205764e-02
3.520518241570205764e-02
3.520518241570205764e-02
3.520518241570205764e-02
3.520518241570205764e-02
3.520518241570205764e-02
3.520518241570205764e-02
3.520518241570205764e-02
3.520518241570205764e-02
3.520518241570205764e-02
3.520518241570205764e-02
3.520518241570205764e-02
3.520518241570205764e-02
3.520518241570205764e-02
3.520518241570205764e-02
3.520518241570205764e-02
3.520518241570205764e-02
3.520518241570205764e-02
3.520518241570205764e-02
9.740772618250262971e-01
3.520518241570205764e-02
3.520518241570205764e-02
3.520518241570205764e-02
3.520518241570205764e-02
3.520518241570205764e-02
3.520518241570205764e-02
3.520518241570205764e-02
3.520518241570205764e-02
3.520518241570205764e-02
3.520518241570205764e-02
3.520518241570205764e-02
3.520518241570205764e-02
3.520518241570205764e-02
3.520518241570205764e-02
3.520518241570205764e-02
3.520518241570205764e-02
3.520518241570205764e-02
3.520518241570205764e-02
3.520518241570205764e-02
3.520518241570205764e-02
3.520518241570205764e-02
3.520518241570205764e-02
3.520518241570205764e-02
3.520518241570205764e-02
3.520518241570205764e-02
3.520518241570205764e-02
3.520518241570205764e-02
3.520518241570205764e-02
3.520518241570205764e-02
3.520518241570205764e-02
3.520518241570205764e-02
3.520518241570205764e-02
3.520518241570205764e-02
3.520518241570205764e-02
3.520518241570205764e-02
3.516957149251132703e-02
3.520518241570205764e-02
3.520518241570205764e-02
3.520518241570205764e-02
3.520518241570205764e-02
3.520518241570205764e-02
3.520518241570205764e-02
3.520518241570205764e-02
3.520518241570205764e-02
3.520518241570205764e-02
3.520518241570205764e-02
3.520518241570205764e-02
3.520518241570205764e-02
3.520518241570205764e-02
3.520518241570205764e-02
3.520518241570205764e-02
3.520518241570205764e-02
3.520518241570205764e-02
3.520518241570205764e-02
3.520518241570205764e-02
3.520518241570205764e-02
3.520518241570205764e-02
3.520518241570205764e-02
3.520518241570205764e-02
3.520518241570205764e-02
3.520518241570205764e-02
3.520518241570205764e-02
3.520518241570205764e-02
3.520518241570205764e-02
3.520518241570205764e-02
3.520518241570205764e-02
3.520518241570205764e-02
3.520518241570205764e-02
3.520518241570205764e-02
3.520518241570205764e-02
3.520518241570205764e-02
3.520518241570205764e-02
3.520518241570205764e-02
3.520518241570205764e-02
3.520518241570205764e-02
3.520518241570205764e-02
3.520518241570205764e-02
3.520518241570205764e-02
3.520518241570205764e-02
3.520518241570205764e-02
3.520518241570205764e-02
3.520518241570205764e-02
3.520518241570205764e-02
3.520518241570205764e-02
3.520518241570205764e-02
3.520518241570205764e-02
3.520518241570205764e-02
3.520518241570205764e-02
3.520518229266108440e-02
3.520518241570205764e-02
3.520518241570205764e-02
3.520518241570205764e-02
3.520518241570205764e-02
3.520518241570205764e-02
3.520518241570205764e-02
3.520518241570205764e-02
3.520518241570205764e-02
3.520518241570205764e-02
3.520518241570205764e-02
3.520518241570205764e-02
3.520518241570205764e-02
3.520518241570205764e-02
3.520518241570205764e-02
3.520518241570205764e-02
3.520518241570205764e-02
3.520518241570205764e-02
3.520518241570205764e-02
3.520518241570205764e-02
3.520518241570205764e-02
3.520518241570205764e-02
3.520518241570205764e-02
3.520518241570205764e-02
3.520518241560704337e-02
3.520518241570205764e-02
3.520518241570205764e-02
3.520518241570205764e-02
9.740747885646012794e-01
3.520518241570205764e-02
3.520518241570205764e-02
9.740772618250262971e-01
3.520518241570205764e-02
3.520518241570205764e-02
3.520518241570205764e-02
3.520518241570205764e-02
3.520518241570205764e-02
3.520518241570205764e-02
3.520518241570205764e-02
3.520518241570205764e-02
3.520518241570205764e-02
3.520518241570205764e-02
3.520518241570205764e-02
3.520518241570205764e-02
3.520518241570205764e-02
3.520518226432291231e-02
3.520518241570205764e-02
3.520518241570205764e-02
9.999999981095818447e-01
3.520518241570205764e-02
3.520518241570205764e-02
3.520518241570205764e-02
3.520518241570205764e-02
3.520518241570205764e-02
3.520518241570205764e-02
3.520518241570205764e-02
3.520518241570205764e-02
3.520518241570205764e-02
3.520518241570205764e-02
3.520514545326094979e-02
3.520518241570205764e-02
3.520518241570205764e-02
3.520518241570205764e-02
3.520518241570205764e-02
3.520518241570205764e-02
3.520518241570205764e-02
3.520518241570205764e-02
3.520518241570205764e-02
3.520518241570205764e-02
3.520518241570205764e-02
3.520518241570205764e-02
3.520518241570205764e-02
3.520518241570205764e-02
3.520518241570205764e-02
3.520518241570205764e-02
3.520518241570205764e-02
3.520518241570205764e-02
3.520518241570205764e-02
3.520518241570205764e-02
3.520518241570205764e-02
3.520518241570205764e-02
3.520518241570205764e-02
3.520518241570205764e-02
3.520518241570205764e-02
3.520518241570205764e-02
3.520518241570205764e-02
3.520518241570205764e-02
3.520518241570205764e-02
3.520518241570205764e-02
3.520518241570205764e-02
3.520518241570205764e-02
3.520518241570205764e-02
3.520518241570205764e-02
3.520518241570205764e-02
3.520518241570205764e-02
3.520518241570205764e-02
3.520518241570205764e-02
3.520518241570205764e-02
3.520518241570205764e-02
3.520518241570205764e-02
3.520518241570205764e-02
3.520518241570205764e-02
3.520518241570205764e-02
3.520518241570205764e-02
3.520518241570205764e-02
3.520518241570205764e-02
3.520518241570205764e-02
3.520518241570205764e-02
3.520518241570205764e-02
3.520518241570205764e-02
3.520518241570205764e-02
3.520518241570205764e-02
3.520518241570205764e-02
3.520518241570205764e-02
3.520518241570205764e-02
3.520518241570205764e-02
3.520518241570205764e-02
3.520518241570205764e-02
3.520518241570205764e-02
3.520518241570205764e-02
3.520518241570205764e-02
3.520518241570205764e-02
3.520518241570205764e-02
3.520518241570205764e-02
3.520518241570205764e-02
3.520518241570205764e-02
3.520518241570205764e-02
3.520518241570205764e-02
3.520518241570205764e-02
3.520518241570205764e-02
3.520518241570205764e-02
3.520518241570205764e-02
1.263551647560072315e-03
3.520518241570205764e-02
3.520518241570205764e-02
3.520518241570205764e-02
3.520518241570205764e-02
3.520518241570205764e-02
3.520518241570205764e-02
3.520518241570205764e-02
3.520518241570205764e-02
3.520518241570205764e-02
3.520518241570205764e-02
3.520518241570205764e-02
3.520518241570205764e-02
3.520518241570205764e-02
3.520518241570205764e-02
3.520518241570205764e-02
3.520518241570205764e-02
3.520518241570205764e-02
3.520518241570205764e-02
3.520518241570205764e-02
3.520518241570205764e-02
3.520518241570205764e-02
3.520518241570205764e-02
3.520518241570205764e-02
3.520518241570205764e-02
3.520518241570205764e-02
3.520518241570205764e-02
3.520518241570205764e-02
3.520518241570205764e-02
3.070348318414673969e-02
3.520518241570205764e-02
3.520518241570205764e-02
3.520518241570205764e-02
3.520518241570205764e-02
3.520518241570205764e-02
3.520518241570205764e-02
3.520518241570205764e-02
3.520518241570205764e-02
3.520518241570205764e-02
3.520518241570205764e-02
3.520518241570205764e-02
3.520518241570205764e-02
3.520518241570205764e-02
3.520518241570205764e-02
3.520518241570205764e-02
3.520518241570205764e-02
3.520518241570205764e-02
3.520518241570205764e-02
3.520518241570205764e-02
3.520518241570205764e-02
3.520518241570205764e-02
3.520518241570205764e-02
3.520518241570205764e-02
3.520518241570205764e-02
3.520518241570205764e-02
3.520518241570205764e-02
3.520518241570205764e-02
3.520518241570205764e-02
3.520518241570205764e-02
3.520518241570205764e-02
3.520518241570205764e-02
3.520518241570205764e-02
3.520518241570205764e-02
3.520518241570205764e-02
3.520518241570205764e-02
3.520518241570205764e-02
3.520518241570205764e-02
3.520518241570205764e-02
3.520518241570205764e-02
3.520518241570205764e-02
3.520518241570205764e-02
3.520518241570205764e-02
3.520518241570205764e-02
3.520518241570205764e-02
3.520518241570205764e-02
3.520518241570205764e-02
3.520518241570205764e-02
3.520518241570205764e-02
3.520518241570205764e-02
3.520518241570205764e-02
3.520518241570205764e-02
3.520518241570205764e-02
3.520518241570205764e-02
3.520518241570205764e-02
3.520518241570205764e-02
3.520518241570205764e-02
3.520518241570205764e-02
3.520518241570205764e-02
3.520518241570205764e-02
3.520518241570205764e-02
3.520518241570205764e-02
3.520518241570205764e-02
3.520518241570205764e-02
3.520518241570205764e-02
3.520518241570205764e-02
3.520518241570205764e-02
3.520518241570205764e-02
3.520518241570205764e-02
3.520518241570205764e-02
3.520518241570205764e-02
3.520518241570205764e-02
3.520518241570205764e-02
3.520518241570205764e-02
3.520518241570205764e-02
3.520518241570205764e-02
3.520518241570205764e-02
3.520518241570205764e-02
3.520518241570205764e-02
3.520518241570205764e-02
3.520518241570205764e-02
3.520518241570205764e-02
3.520518241570205764e-02
3.520518241570205764e-02
3.520518241570205764e-02
3.520518241570205764e-02
3.520518241570205764e-02
3.520518241570205764e-02
3.520518241570205764e-02
3.520518241570205764e-02
3.520518241570205764e-02
3.520518241570205764e-02
3.520518241570205764e-02
3.520518241570205764e-02
3.520518241570205764e-02
3.520518241570205764e-02
3.520518241570205764e-02
3.520518241570205764e-02
3.520518241570205764e-02
3.520518241570205764e-02
3.520518241570205764e-02
3.520518241570205764e-02
3.520518241570205764e-02
3.520518241570205764e-02
3.520518241570205764e-02
3.520518241570205764e-02
3.520518241570205764e-02
3.520518241570205764e-02
3.520518241570205764e-02
3.520518241570205764e-02
3.520518241570205764e-02
3.520518241570205764e-02
3.520518241570205764e-02
3.520518241570205764e-02
3.520518241570205764e-02
3.520518241570205764e-02
3.520518241570205764e-02
3.520518241570205764e-02
3.520518241570205764e-02
3.520518241570205764e-02
3.520518241570205764e-02
3.520518241570205764e-02
3.520518241570205764e-02
3.520518241570205764e-02
3.520518241570205764e-02
3.520518241570205764e-02
3.520518241570205764e-02
3.520518241570205764e-02
3.520518241570205764e-02
3.520518241570205764e-02
3.520518241570205764e-02
3.520518241570205764e-02
3.520518241570205764e-02
3.520518241570205764e-02
3.520518241570205764e-02
3.520518241570205764e-02
3.520518241570205764e-02
3.520518241570205764e-02
3.520518241570205764e-02
3.520518241570205764e-02
3.520518241570205764e-02
3.520518241570205764e-02
3.520518241570205764e-02
3.520518241570205764e-02
3.520518241570205764e-02
3.520518241570205764e-02
3.520518241570205764e-02
3.520518241570205764e-02
3.520518241570205764e-02
3.520518241570205764e-02
3.520518241570205764e-02
3.520518241570205764e-02
3.520518241570205764e-02
3.520518241570205764e-02
3.520518241570205764e-02
3.510609833760688914e-02
3.520518241570205764e-02
3.520518241570205764e-02
3.520518241570205764e-02
3.520518241570205764e-02
3.520518241570205764e-02
3.520518241570205764e-02
3.520518241570205764e-02
3.520518241570205764e-02
3.520518241570205764e-02
3.520518241570205764e-02
3.520518241570205764e-02
3.520518241570205764e-02
3.520518241570205764e-02
3.520518241570205764e-02
3.520518241570205764e-02
3.520518241570205764e-02
3.520518241570205764e-02
3.520518241570205764e-02
3.520518241570205764e-02
3.520518241570205764e-02
3.520518241570205764e-02
3.520518241570205764e-02
3.520518241570205764e-02
3.520518241570205764e-02
3.520518241570205764e-02
3.520518241570205764e-02
3.520518241570205764e-02
3.520518241570205764e-02
3.520518241570205764e-02
3.520518241570205764e-02
3.520518241570205764e-02
3.520518241570205764e-02
3.520518241570205764e-02
3.520518241570205764e-02
3.520518241570205764e-02
3.520518241570205764e-02
3.520518241570205764e-02
3.520518241570205764e-02
3.520518241570205764e-02
3.520518241570205764e-02
3.520518241570205764e-02
3.520518241570205764e-02
3.520518241570205764e-02
3.520518241570205764e-02
3.520518241570205764e-02
3.520518241570205764e-02
3.520518241570205764e-02
3.520518241570205764e-02
3.520518241570205764e-02
3.520518241570205764e-02
3.520518241570205764e-02
3.520518241570205764e-02
3.520518241570205764e-02
3.520518241570205764e-02
3.520518241570205764e-02
3.520518241570205764e-02
3.520518241570205764e-02
3.520518241570205764e-02
3.520518241570205764e-02
3.520518241570205764e-02
3.520518241570205764e-02
3.520518241570205764e-02
3.520518241570205764e-02
3.520518241570205764e-02
3.520518241570205764e-02
3.520518241570205764e-02
3.520518241570205764e-02
3.520518241570205764e-02
3.520518241570205764e-02
3.520518241570205764e-02
3.520518241570205764e-02
3.520518241570205764e-02
3.520518241570205764e-02
3.520518241570205764e-02
3.520518241570205764e-02
3.520518241570205764e-02
3.520518241570205764e-02
3.520518241570205764e-02
3.520518241570205764e-02
3.520518241570205764e-02
3.520518241570205764e-02
3.520518241570205764e-02
3.520518241570205764e-02
3.520518241570205764e-02
3.520518241570205764e-02
3.520518241570205764e-02
3.520518241570205764e-02
3.520518241570205764e-02
3.520518241570205764e-02
3.520518241570205764e-02
3.520518241570205764e-02
3.520518241570205764e-02
3.520518241570205764e-02
3.520518241570205764e-02
3.520518241570205764e-02
3.520518241570205764e-02
3.520518241570205764e-02
3.520518241570205764e-02
3.520518241570205764e-02
3.520518241570205764e-02
3.520518241570205764e-02
3.520518241570205764e-02
3.520518241570205764e-02
3.520518241570205764e-02
3.520518241570205764e-02
3.520518241570205764e-02
3.520518241570205764e-02
3.520518241570205764e-02
3.520518241570205764e-02
3.520518241570205764e-02
3.520518241570205764e-02
3.520518241570205764e-02
3.520518241570205764e-02
3.520518241570205764e-02
3.520518241570205764e-02
3.520518241570205764e-02
3.520518241570205764e-02
3.520518241570205764e-02
3.520518241570205764e-02
3.520518241570205764e-02
3.520518241570205764e-02
3.520518241570205764e-02
3.520518241570205764e-02
3.520518241570205764e-02
3.520518241570205764e-02
3.520518241570205764e-02
3.520518241570205764e-02
3.520518241570205764e-02
3.520518241570205764e-02
3.520518241570205764e-02
3.520518241570205764e-02
3.520518241570205764e-02
3.520518241570205764e-02
3.520518241570205764e-02
3.520518241570205764e-02
3.520518241570205764e-02
3.520518241570205764e-02
3.520518241570205764e-02
3.520518239300000907e-02
3.520518241570205764e-02
3.520518241570205764e-02
3.520518241570205764e-02
3.520518241570205764e-02
3.520518241570205764e-02
3.520518241570205764e-02
3.520518241570205764e-02
3.520518241570205764e-02
3.520518241570205764e-02
3.520518241570205764e-02
3.520518241570205764e-02
3.520518241570205764e-02
3.520518241570205764e-02
3.520518241570205764e-02
3.520518241570205764e-02
3.520518241570205764e-02
3.520518241570205764e-02
3.520518241570205764e-02
3.520518241570205764e-02
3.520518241570205764e-02
3.520518241570205764e-02
3.520518241570205764e-02
3.520518241570205764e-02
3.520518241570205764e-02
3.520518241570205764e-02
3.520518241570205764e-02
3.520518241570205764e-02
3.520518241570205764e-02
3.520518241570205764e-02
3.520518241570205764e-02
3.520518241570205764e-02
3.520518241570205764e-02
3.520518241570205764e-02
3.520518241570205764e-02
3.520518241570205764e-02
3.520518241570205764e-02
3.520518241570205764e-02
3.520518241570205764e-02
3.520518241570205764e-02
3.520518241570205764e-02
3.520518241570205764e-02
3.520518241570205764e-02
3.520518241570205764e-02
3.520518241570205764e-02
3.520518241570205764e-02
3.520518241570205764e-02
3.520518241570205764e-02
3.520518241570205764e-02
3.520518241570205764e-02
3.520518241570205764e-02
3.520518241570205764e-02
3.520518241570205764e-02
3.520518241570205764e-02
3.520518241570205764e-02
3.520518241570205764e-02
3.520518241570205764e-02
3.520518241570205764e-02
3.520518241570205764e-02
3.520518241570205764e-02
3.520518241570205764e-02
3.520518241570205764e-02
3.520518241570205764e-02
3.520518241570205764e-02
3.520518241570205764e-02
3.520518241570205764e-02
3.520518241570205764e-02
3.520518241570205764e-02
3.520518241570205764e-02
3.520518241570205764e-02
3.520518241570205764e-02
3.520518241570205764e-02
3.520518241570205764e-02
3.520518241570205764e-02
3.520518241570205764e-02
3.520518241570205764e-02
3.520518241570205764e-02
3.520518241570205764e-02
3.520518241570205764e-02
3.520518241570205764e-02
3.520518241570205764e-02
3.520518241570205764e-02
3.520518241570205764e-02
3.520518241570205764e-02
3.520518241570205764e-02
3.520518241570205764e-02
3.520518241570205764e-02
3.520518241570205764e-02
3.520518241570205764e-02
3.520518241570205764e-02
3.520518241570205764e-02
3.520518241570205764e-02
3.520518241570205764e-02
3.520518241570205764e-02
3.520518241570205764e-02
3.520518241570205764e-02
3.520518241570205764e-02
3.520518241570205764e-02
3.520518241570205764e-02
3.520518241570205764e-02
3.520518241570205764e-02
3.520518241570205764e-02
3.520518241570205764e-02
3.520518241570205764e-02
3.520518241570205764e-02
3.520518241570205764e-02
3.520518241570205764e-02
3.520518241570205764e-02
3.520518241570205764e-02
3.520518241570205764e-02
3.520518241570205764e-02
3.520518241570205764e-02
3.520518241570205764e-02
3.520519337677154720e-02
3.520518241570205764e-02
3.520518241570205764e-02
3.520518231783270613e-02
3.520518241570205764e-02
3.520518241570205764e-02
3.520518241570205764e-02
3.520518241570205764e-02
3.520518241570205764e-02
3.520518241570205764e-02
3.520518241570205764e-02
3.520518241570205764e-02
3.520518241570205764e-02
3.520518241570205764e-02
3.520518241570205764e-02
3.520518241570205764e-02
3.520518241570205764e-02
3.520518241570205764e-02
3.520518241570205764e-02
3.520518241570205764e-02
3.520518241570205764e-02
3.520518241570205764e-02
3.520518241570205764e-02
3.520518241570205764e-02
3.520518241570205764e-02
3.520518241570205764e-02
3.520518241544882965e-02
3.520518241570205764e-02
3.520518241570205764e-02
3.520518241570205764e-02
3.520518241570205764e-02
3.520518241570205764e-02
3.520518241570205764e-02
3.520518241570205764e-02
3.520518241570205764e-02
3.520518241570205764e-02
3.520518241570205764e-02
3.520518241570205764e-02
3.520518241570205764e-02
3.520518241570205764e-02
3.520518241570205764e-02
3.520518241570205764e-02
3.520518241570205764e-02
3.520518241570205764e-02
3.520518241570205764e-02
3.520518241570205764e-02
3.520518241570205764e-02
3.520518241570205764e-02
3.012663764938483882e-02
3.520518241570205764e-02
3.520518241570205764e-02
3.520518241570205764e-02
3.520518241570205764e-02
3.520518241570205764e-02
3.520518241570205764e-02
3.520518241570205764e-02
3.520518241570205764e-02
3.520518241570205764e-02
3.520518241570205764e-02
3.520518241570205764e-02
3.520518241570205764e-02
3.520518241570205764e-02
3.520518241570205764e-02
3.520518241570205764e-02
3.520518241570205764e-02
3.520518241570205764e-02
3.520518241570205764e-02
3.520518241570205764e-02
3.520518241570205764e-02
3.520518241570205764e-02
3.520518241570205764e-02
3.520518241570205764e-02
3.520518241570205764e-02
3.520518241570205764e-02
3.520518241570205764e-02
3.520518241570205764e-02
3.520518241570205764e-02
3.520518241570205764e-02
3.520518241570205764e-02
3.520518241570205764e-02
3.520518241570205764e-02
3.520518241570205764e-02
3.520518241570205764e-02
3.520518241570205764e-02
3.520518241570205764e-02
3.520518241570205764e-02
3.520518241570205764e-02
3.520518241570205764e-02
3.520518241570205764e-02
3.520518241570205764e-02
3.520518241570205764e-02
3.520518241570205764e-02
3.520518241570205764e-02
3.520518241570205764e-02
3.520518241570205764e-02
3.520518241570205764e-02
3.520518241570205764e-02
3.520518241570205764e-02
3.520518241570205764e-02
3.520518241570205764e-02
3.520518241570205764e-02
3.520518241570205764e-02
3.520518241570205764e-02
3.520518241570205764e-02
3.520518241570205764e-02
3.520518241570205764e-02
3.520518241570205764e-02
3.520518241570205764e-02
3.520518241570205764e-02
3.520518241570205764e-02
3.520518241570205764e-02
3.520518241570205764e-02
3.520518241570205764e-02
3.520518241570205764e-02
3.520518241570205764e-02
3.520518241570205764e-02
3.520518241570205764e-02
3.520518241570205764e-02
3.520518241570205764e-02
3.520518241570205764e-02
3.520518241570205764e-02
3.520518241570205764e-02
3.520518241570205764e-02
3.520518241570205764e-02
3.520518241570205764e-02
3.520518241570205764e-02
3.520518241570205764e-02
3.520518241570205764e-02
3.520518241570205764e-02
3.520518241570205764e-02
3.520518241570205764e-02
3.520518241570205764e-02
3.520518241570205764e-02
3.520518241570205764e-02
3.520518241570205764e-02
3.520518241570205764e-02
3.520518241570205764e-02
3.520518241570205764e-02
3.520518241570205764e-02
3.520518241570205764e-02
3.520518241570205764e-02
3.520518241570205764e-02
3.520518241570205764e-02
3.520518241570205764e-02
3.520518241570205764e-02
3.520518241570205764e-02
3.520518241570205764e-02
3.520518241570205764e-02
3.520518241570205764e-02
3.520518241570205764e-02
3.520518241570205764e-02
3.520518241570205764e-02
3.520518241570205764e-02
3.520518241570205764e-02
3.520518241570205764e-02
3.520518241570205764e-02
3.519100216127470093e-02
3.520518241570205764e-02
3.520518241570205764e-02
3.520518241570205764e-02
3.520518241570205764e-02
3.520518241570205764e-02
3.520518241570205764e-02
3.520518241570205764e-02
3.520518241570205764e-02
3.520518241570205764e-02
3.520518241570205764e-02
3.520518241570205764e-02
3.520518241570205764e-02
3.520518241570205764e-02
3.520518241570205764e-02
3.520518241570205764e-02
3.520518241570205764e-02
3.520518241570205764e-02
3.520518241570205764e-02
3.520518241570205764e-02
3.520518241570205764e-02
3.520518241570205764e-02
3.520518241570205764e-02
3.520518241570205764e-02
3.520518241570205764e-02
3.520518241570205764e-02
3.520518241570205764e-02
3.520518241570205764e-02
3.520518241570205764e-02
3.520518241570205764e-02
3.520518241570205764e-02
3.520518241570205764e-02
3.520518241570205764e-02
3.520518241570205764e-02
3.520518241570205764e-02
3.520518241570205764e-02
3.520518241570205764e-02
3.520518241570205764e-02
3.520518241570205764e-02
3.520518241570205764e-02
3.520518241570205764e-02
3.520518241570205764e-02
3.520518241570205764e-02
3.520518241570205764e-02
3.520518241570205764e-02
3.520518241570205764e-02
3.520518241570205764e-02
3.520518241570205764e-02
3.520518241570205764e-02
3.520518241570205764e-02
3.520518241570205764e-02
3.520518241570205764e-02
3.520518241570205764e-02
3.520518241570205764e-02
3.520518241570205764e-02
3.520518241570205764e-02
3.520518241570205764e-02
3.520518241570205764e-02
3.520518241570205764e-02
3.520518241570205764e-02
3.520518241570205764e-02
3.520518241570205764e-02
3.520518241570205764e-02
3.520518241570205764e-02
3.520518241570205764e-02
3.520518241570205764e-02
3.520518241570205764e-02
3.520518241570205764e-02
3.520518241570205764e-02
3.520518241570205764e-02
3.520518241570205764e-02
3.520518241570205764e-02
3.520518241570205764e-02
3.520518241570205764e-02
3.520518241570205764e-02
3.520518241570205764e-02
3.520518241570205764e-02
3.520518241570205764e-02
3.520518241570205764e-02
3.520518241570205764e-02
3.520518241570205764e-02
3.520518241570205764e-02
3.520518241570205764e-02
3.520518241570205764e-02
3.520518241570205764e-02
3.339105720205781669e-02
3.520518241570205764e-02
3.520518241570205764e-02
3.520518241570205764e-02
3.520518241570205764e-02
3.520518241570205764e-02
3.520518241570205764e-02
3.520518241570205764e-02
3.520518241570205764e-02
3.520518241570205764e-02
3.520518241570205764e-02
3.520518241570205764e-02
3.520518241570205764e-02
3.520518241570205764e-02
3.520518241570205764e-02
3.520518241570205764e-02
3.520518241570205764e-02
3.520518241570205764e-02
3.520518241570205764e-02
3.520518241570205764e-02
3.520518241570205764e-02
3.520518241570205764e-02
3.520518241570205764e-02
3.520518241570205764e-02
3.520518241570205764e-02
3.520518241570205764e-02
3.520518241570205764e-02
3.520518241570205764e-02
3.520518241570205764e-02
3.520518241570205764e-02
3.520518241570205764e-02
3.520518241570205764e-02
3.520518241570205764e-02
3.520518241570205764e-02
3.520518241570205764e-02
3.520518241570205764e-02
3.520518241570205764e-02
3.520518241570205764e-02
3.520518241570205764e-02
3.520518241570205764e-02
3.520518241570205764e-02
3.520518241570205764e-02
3.520518241570205764e-02
3.520518241570205764e-02
3.520518241570205764e-02
3.520518241570205764e-02
3.520518241570205764e-02
3.520518241570205764e-02
3.520518241570205764e-02
3.520518241570205764e-02
3.520518239588128068e-02
3.520518241570205764e-02
3.520518241570205764e-02
3.520518241570205764e-02
3.520518241570205764e-02
3.520518241570205764e-02
3.520518241570205764e-02
3.520518241570205764e-02
3.520518241570205764e-02
3.520518241570205764e-02
3.520518241570205764e-02
3.520518241570205764e-02
3.520518241570205764e-02
3.520518241570205764e-02
3.520518241570205764e-02
3.520518241570205764e-02
3.520518241570205764e-02
3.520518241570205764e-02
3.520518241570205764e-02
3.520518241570205764e-02
3.520518241570205764e-02
3.520518241570205764e-02
3.520518241570205764e-02
3.520518241570205764e-02
3.520518241570205764e-02
3.520518241570205764e-02
3.520518241570205764e-02
3.520518241570205764e-02
3.520518241570205764e-02
3.520518241570205764e-02
3.520518241570205764e-02
3.520518241570205764e-02
3.520518241570205764e-02
3.520518241570205764e-02
3.520518241570205764e-02
3.520518241570205764e-02
3.520518241570205764e-02
3.520518241570205764e-02
3.520518241570205764e-02
3.520518241570205764e-02
3.520518241570205764e-02
3.520518241570205764e-02
3.520518241570205764e-02
3.520518241570205764e-02
3.520518241570205764e-02
3.520518241570205764e-02
3.520518241570205764e-02
3.520518241570205764e-02
3.520518241570205764e-02
3.520518241570205764e-02
3.520518241570205764e-02
3.520518241570205764e-02
3.520518241570205764e-02
3.520518241570205764e-02
3.520518241570205764e-02
3.520518241570205764e-02
3.520518241570205764e-02
3.520518241570205764e-02
3.520518241570205764e-02
3.520518241570205764e-02
3.520518241570205764e-02
3.520518241570205764e-02
3.520518241570205764e-02
3.520518241570205764e-02
3.520518241570205764e-02
3.520518241570205764e-02
3.520518241570205764e-02
3.520518241570205764e-02
3.520518241570205764e-02
3.520518241570205764e-02
3.520518241570205764e-02
3.520518241570205764e-02
3.520518241570205764e-02
3.520518241570205764e-02
3.520518241570205764e-02
3.520518241570205764e-02
3.520518241570205764e-02
3.315752373327623265e-02
3.520518241570205764e-02
3.520518241570205764e-02
3.520518241570205764e-02
3.520518241570205764e-02
3.520518241570205764e-02
3.520518241570205764e-02
3.520518241570205764e-02
3.520518241570205764e-02
3.520518241570205764e-02
3.520518241570205764e-02
3.520518241570205764e-02
3.520518241570205764e-02
3.520518241570205764e-02
3.520518241570205764e-02
3.520518241570205764e-02
3.520518241570205764e-02
3.520518241570205764e-02
3.520518241570205764e-02
3.520518241570205764e-02
3.520518241570205764e-02
3.520518234072490121e-02
3.520518241570205764e-02
3.520518241570205764e-02
3.520518241570205764e-02
3.520518241570205764e-02
3.520518241570205764e-02
3.520518241570205764e-02
3.520518241570205764e-02
3.520518241570205764e-02
3.520518241570205764e-02
3.520518241570205764e-02
3.520518241570205764e-02
3.520518241570205764e-02
3.520518241570205764e-02
3.520518241570205764e-02
3.520518241570205764e-02
3.520518241570205764e-02
3.520518241570205764e-02
3.520518241570205764e-02
3.520518241570205764e-02
3.520518241570205764e-02
3.520518241570205764e-02
3.520518241570205764e-02
3.520518241570205764e-02
3.520518241570205764e-02
3.520518241570205764e-02
3.520518241570205764e-02
3.520518241570205764e-02
3.520518241570205764e-02
3.520518241570205764e-02
3.520518241570205764e-02
3.520518241570205764e-02
3.520518241570205764e-02
3.520518241570205764e-02
3.520518241570205764e-02
3.520518241570205764e-02
3.520518241570205764e-02
3.520518241570205764e-02
3.520518241570205764e-02
3.520518241570205764e-02
3.520518241570205764e-02
3.520518241570205764e-02
3.520518241570205764e-02
3.520518241570205764e-02
3.520518241570205764e-02
3.520518241570205764e-02
3.520518241570205764e-02
3.520518241570205764e-02
3.520518241570205764e-02
3.520518241570205764e-02
3.520518241570205764e-02
3.520518241570205764e-02
3.520518241570205764e-02
3.520518241570205764e-02
3.520518241570205764e-02
3.520518241570205764e-02
3.520518241570205764e-02
3.520518241570205764e-02
3.520518241570205764e-02
3.520518241570205764e-02
3.520518241570205764e-02
3.520518241570205764e-02
3.520518241570205764e-02
3.520518241570205764e-02
3.520518241570205764e-02
3.520518241570205764e-02
3.520518241570205764e-02
3.520518241570205764e-02
3.520518240978121743e-02
3.520518241570205764e-02
3.520518241570205764e-02
3.520518241570205764e-02
3.520518241570205764e-02
3.520518241570205764e-02
3.520518241570205764e-02
3.520518241570205764e-02
3.520518241570205764e-02
3.520518241570205764e-02
3.520518241570205764e-02
3.520518241570205764e-02
3.520518241570205764e-02
3.520518241570205764e-02
3.520518241570205764e-02
3.520518241570205764e-02
3.520518241570205764e-02
3.520518241570205764e-02
3.520518241570205764e-02
3.520518241570205764e-02
3.520518241570205764e-02
3.520518241570205764e-02
3.520518241570205764e-02
3.520518241570205764e-02
3.520518241570205764e-02
3.520518241570205764e-02
3.520518241570205764e-02
3.520518241570205764e-02
3.520518241570205764e-02
3.520518241570205764e-02
3.520518241570205764e-02
3.520518241570205764e-02
3.520518241570205764e-02
3.520518241570205764e-02
3.520518241570205764e-02
3.520518241570205764e-02
3.520518241570205764e-02
3.520518241570205764e-02
3.520518241570205764e-02
3.520518241570205764e-02
3.520518241570205764e-02
3.520518241570205764e-02
3.520518241570205764e-02
3.520518241570205764e-02
3.520518241570205764e-02
3.520518241570205764e-02
3.520518241570205764e-02
3.520518241570205764e-02
3.520518241570205764e-02
3.520518241570205764e-02
3.520518241570205764e-02
3.520518241570205764e-02
3.520518241570205764e-02
3.520518241570205764e-02
3.520518241570205764e-02
3.520518241570205764e-02
3.520518241570205764e-02
3.520518241570205764e-02
3.520518241570205764e-02
3.520518241570205764e-02
3.520518241570205764e-02
3.520518241570205764e-02
3.520518241570205764e-02
3.520518241570205764e-02
3.520518241570205764e-02
3.520518241570205764e-02
3.520518241570205764e-02
3.520518241570205764e-02
3.520518241570205764e-02
3.520518241570205764e-02
3.520518241570205764e-02
3.520518241570205764e-02
3.520518241570205764e-02
3.520518241570205764e-02
3.520518241570205764e-02
3.520518241570205764e-02
3.520518241570205764e-02
3.520518241570205764e-02
3.520518241570205764e-02
3.520518241570205764e-02
3.520518241570205764e-02
3.520518241570205764e-02
3.520518241570205764e-02
3.520518241570205764e-02
3.520518241570205764e-02
3.520518241570205764e-02
3.520518241570205764e-02
3.520518241570205764e-02
3.520518241570205764e-02
3.520518241570205764e-02
3.520518241570205764e-02
3.520518241570205764e-02
3.520518241570205764e-02
3.520518241570205764e-02
3.520518241570205764e-02
3.520518241570205764e-02
3.520518241570205764e-02
3.520518241570205764e-02
3.520518241570205764e-02
3.520518241570205764e-02
3.520518241570205764e-02
3.520518241570205764e-02
3.520518241570205764e-02
3.520518241570205764e-02
3.520518241570205764e-02
3.520518241570205764e-02
3.520518241570205764e-02
3.520518241570205764e-02
3.520518241570205764e-02
3.520518241570205764e-02
3.520518241570205764e-02
3.520518241570205764e-02
3.520518241570205764e-02
3.520518241570205764e-02
3.520518241570205764e-02
3.520518241570205764e-02
3.520518241570205764e-02
3.520518241570205764e-02
3.520518241570205764e-02
3.520518241570205764e-02
3.520517790209781728e-02
3.520518241570205764e-02
3.520518241570205764e-02
3.520518241570205764e-02
3.520518241570205764e-02
3.520518241570205764e-02
3.520518241570205764e-02
3.520518241570205764e-02
3.520518241570205764e-02
3.520518241570205764e-02
3.520518241570205764e-02
3.520518241570205764e-02
3.520518241570205764e-02
3.520518241570205764e-02
3.520518241570205764e-02
3.520518241570205764e-02
3.520518241570205764e-02
3.520518241570205764e-02
3.520518241570205764e-02
3.520518241570205764e-02
3.520518241570205764e-02
3.520518241570205764e-02
3.520518241570205764e-02
3.520518241570205764e-02
3.520518241570205764e-02
3.520518241513204832e-02
3.520518241570205764e-02
3.520518241570205764e-02
3.520518241570205764e-02
3.520518241570205764e-02
3.520518241570205764e-02
3.520518241570205764e-02
3.520518241570205764e-02
3.520518241570205764e-02
3.520518241570205764e-02
3.520518241570205764e-02
3.520518241570205764e-02
3.520518241570205764e-02
3.520518241570205764e-02
3.520518241570205764e-02
3.520518241570205764e-02
3.520518241570205764e-02
3.520518241570205764e-02
3.520518241570205764e-02
3.520518241570205764e-02
3.520518241570205764e-02
3.520518241570205764e-02
3.520518241570205764e-02
3.520518241570205764e-02
3.520518241570205764e-02
3.520518241570205764e-02
3.520518241570205764e-02
3.520518241570205764e-02
3.520518241570205764e-02
3.520518241570205764e-02
3.520518241570205764e-02
3.520518241570205764e-02
3.520518241570205764e-02
3.520518241570205764e-02
3.520518241570205764e-02
3.520518241570205764e-02
3.520518241570205764e-02
3.520518241570205764e-02
3.520518241570205764e-02
3.520518241570205764e-02
3.520518241570205764e-02
3.520518241570205764e-02
3.520518241570205764e-02
3.520518241570205764e-02
3.520518241570205764e-02
3.520518241570205764e-02
3.520518241570205764e-02
3.520518241570205764e-02
3.520518241570205764e-02
3.520518241570205764e-02
3.520518241570205764e-02
3.520518241570205764e-02
3.520518241570205764e-02
3.520518241570205764e-02
3.520518241570205764e-02
3.520518241570205764e-02
3.520518241570205764e-02
3.520518241570205764e-02
3.520518241570205764e-02
3.520518241570205764e-02
3.520518241570205764e-02
3.520518241570205764e-02
3.520518241570205764e-02
3.520518241570205764e-02
3.520518241570205764e-02
3.520518241570205764e-02
3.520518241570205764e-02
3.520518241570205764e-02
3.520518241570205764e-02
3.520518241570205764e-02
3.520518241570205764e-02
3.520518241570205764e-02
3.520518241570205764e-02
3.520518241570205764e-02
3.520518241570205764e-02
3.520518241570205764e-02
3.520518241570205764e-02
3.520518241570205764e-02
3.520518241570205764e-02
3.520518241570205764e-02
3.520518241570205764e-02
3.520518241570205764e-02
3.520518241570205764e-02
3.520518241570205764e-02
3.520518241570205764e-02
3.520518241570205764e-02
3.520518241570205764e-02
3.520518241570205764e-02
3.520518241570205764e-02
3.520518241570205764e-02
3.520518241570205764e-02
3.520518241570205764e-02
3.520518241570205764e-02
3.520518241570205764e-02
3.520518241570205764e-02
3.520518241570205764e-02
3.520518241570205764e-02
3.520518241570205764e-02
3.520518241570205764e-02
3.520518241570205764e-02
3.520518241570205764e-02
3.520518241570205764e-02
3.520518241570205764e-02
3.520518241570205764e-02
3.520518241570205764e-02
3.520518241570205764e-02
3.520518241570205764e-02
3.520518241570205764e-02
3.520518241570205764e-02
3.520518241570205764e-02
3.520518241570205764e-02
3.520518241570205764e-02
3.520518241570205764e-02
3.520518241570205764e-02
3.520518241570205764e-02
3.520518241570205764e-02
3.520518241570205764e-02
3.520518241570205764e-02
3.520518241570205764e-02
3.520518241570205764e-02
3.520518241570205764e-02
3.520518241570205764e-02
3.520313491654750854e-02
3.520518241570205764e-02
3.520518241570205764e-02
3.520518241570205764e-02
3.520518241570205764e-02
3.520098365574664961e-02
3.520518241570205764e-02
3.520518241570205764e-02
3.520518241570205764e-02
3.520518241570205764e-02
3.520518241570205764e-02
3.520518241570205764e-02
3.520518241570205764e-02
3.520518241570205764e-02
3.520518241570205764e-02
3.520518241570205764e-02
3.520518241570205764e-02
3.520518241570205764e-02
3.520518241570205764e-02
3.520518241570205764e-02
3.520518241570205764e-02
3.520518241570205764e-02
3.520518241570205764e-02
3.520518241570205764e-02
3.520518241570205764e-02
3.520518241570205764e-02
3.520518241570205764e-02
3.520518241570205764e-02
3.520518241570205764e-02
3.520518241570205764e-02
3.520518241570205764e-02
3.520518241570205764e-02
3.520518241570205764e-02
3.520518241570205764e-02
3.520518241570205764e-02
3.520518241570205764e-02
3.520518241570205764e-02
3.520518241570205764e-02
3.520518241570205764e-02
3.520518241570205764e-02
3.520518241570205764e-02
3.520326645158315670e-02
3.520518241560704337e-02
3.520518241570205764e-02
3.520518241475221327e-02
3.520518241570205764e-02
3.520518241570205764e-02
3.520518241570205764e-02
3.520518241570205764e-02
3.520518241570205764e-02
3.520518241570205764e-02
3.520518241570205764e-02
3.520518241570205764e-02
3.520518241570205764e-02
3.520518241570205764e-02
3.520518241570205764e-02
3.520518241570205764e-02
3.520518241570205764e-02
3.520518241570205764e-02
3.520518241570205764e-02
3.520518241570205764e-02
3.520518241570205764e-02
3.520518241570205764e-02
3.520518241570205764e-02
3.520518241570205764e-02
3.520518241570205764e-02
3.520518241570205764e-02
3.520518241570205764e-02
3.520518241570205764e-02
3.520518241570205764e-02
3.520518241570205764e-02
3.520518241570205764e-02
3.520518241570205764e-02
3.520518241570205764e-02
3.520518241570205764e-02
3.520518241570205764e-02
3.520518241570205764e-02
3.520518240306873270e-02
3.520518241570205764e-02
3.520518241570205764e-02
3.520518241570205764e-02
3.520518241570205764e-02
3.520518241570205764e-02
3.520518241570205764e-02
3.520518241570205764e-02
3.520518241570205764e-02
3.520518241570205764e-02
3.520518241570205764e-02
3.520518241570205764e-02
3.520518241567033996e-02
3.520518241570205764e-02
3.520518222680267539e-02
3.520518241570205764e-02
3.520518241570205764e-02
3.520518241570205764e-02
3.520518241570205764e-02
3.520518241570205764e-02
3.520518241570205764e-02
3.520518241570205764e-02
3.520518241570205764e-02
3.520518241570205764e-02
3.520518241570205764e-02
3.520518241570205764e-02
3.520518241570205764e-02
3.520518241570205764e-02
3.520518241570205764e-02
3.520518241570205764e-02
3.520518241570205764e-02
3.520518241570205764e-02
3.520518241570205764e-02
3.520518241570205764e-02
3.520518241570205764e-02
3.520518241570205764e-02
3.520518241570205764e-02
3.518667650240643596e-02
3.520518241570205764e-02
3.520518241570205764e-02
3.520518241570205764e-02
3.520518241570205764e-02
3.520518241570205764e-02
3.520518241570205764e-02
3.520518241570205764e-02
3.520488796878772086e-02
3.520518241570205764e-02
3.520518241570205764e-02
3.520518241570205764e-02
3.520518241570205764e-02
3.520518241370734075e-02
3.520518241570205764e-02
3.520518241570205764e-02
3.520518241570205764e-02
3.520518241570205764e-02
3.520518241570205764e-02
3.520518241570205764e-02
3.520518241570205764e-02
3.520518241570205764e-02
3.520518241570205764e-02
3.520518241570205764e-02
3.520518241570205764e-02
3.520518241570205764e-02
3.520518241570205764e-02
3.520518241570205764e-02
3.520518241570205764e-02
3.520518241570205764e-02
3.520518241570205764e-02
3.520518241570205764e-02
3.520518241570205764e-02
3.520518241570205764e-02
3.520518241570205764e-02
3.520518241570205764e-02
3.520518241570205764e-02
3.520518241570205764e-02
3.520518241570205764e-02
3.520518241570205764e-02
3.520518241570205764e-02
3.520518241570205764e-02
3.520518241570205764e-02
3.520518241570205764e-02
3.520518241570205764e-02
3.520518241570205764e-02
3.520518241570205764e-02
3.520518241570205764e-02
3.520518241570205764e-02
3.520518241570205764e-02
3.520518241570205764e-02
3.520518241570205764e-02
3.520518241570205764e-02
3.520518241570205764e-02
3.520518241570205764e-02
3.520518241570205764e-02
3.520518241570205764e-02
3.520518241570205764e-02
3.520518241570205764e-02
3.520518241570205764e-02
3.520518241570205764e-02
3.520518241570205764e-02
3.520518241570205764e-02
3.520518241570205764e-02
3.520518241570205764e-02
3.520518241570205764e-02
3.520518241570205764e-02
3.520518241570205764e-02
3.520518241570205764e-02
3.520518241570205764e-02
3.520518241570205764e-02
3.520518241570205764e-02
3.520518241570205764e-02
3.520518241570205764e-02
3.520518241570205764e-02
3.520518241570205764e-02
3.520518241570205764e-02
3.520518241570205764e-02
3.520518241570205764e-02
3.520518241570205764e-02
3.520518241570205764e-02
3.520518241570205764e-02
3.520518241570205764e-02
3.520518241570205764e-02
3.520508669817867808e-02
3.520518241570205764e-02
3.520518241570205764e-02
3.520518241570205764e-02
3.520518241570205764e-02
3.520518241570205764e-02
3.520518241570205764e-02
3.520518241570205764e-02
3.520518241570205764e-02
3.520518241570205764e-02
3.520518241570205764e-02
3.520518241570205764e-02
3.520518241570205764e-02
3.520518241570205764e-02
3.520518241570205764e-02
3.520518241570205764e-02
3.520518241570205764e-02
3.520518241570205764e-02
3.520518241570205764e-02
3.520518241570205764e-02
3.520518241570205764e-02
3.520518241570205764e-02
3.520518241570205764e-02
3.520518241570205764e-02
3.520518241570205764e-02
3.520518241570205764e-02
3.520518241570205764e-02
3.520518241570205764e-02
3.520518241570205764e-02
3.520518241570205764e-02
3.520518241570205764e-02
3.520518241570205764e-02
3.520518241570205764e-02
3.520518241570205764e-02
3.520518241570205764e-02
3.520518241570205764e-02
3.520518241570205764e-02
3.520518241570205764e-02
3.520518241570205764e-02
3.520518241570205764e-02
3.520518241570205764e-02
3.520518241570205764e-02
3.520518241570205764e-02
3.520518241570205764e-02
3.520518241570205764e-02
3.520518241570205764e-02
3.520518241570205764e-02
3.520518241570205764e-02
3.520518241570205764e-02
3.520518241570205764e-02
3.520518241570205764e-02
3.520518241570205764e-02
3.520518241570205764e-02
3.520518241570205764e-02
3.520518241570205764e-02
3.520518241570205764e-02
3.520518241570205764e-02
3.520518241570205764e-02
3.520518241570205764e-02
3.520518241570205764e-02
