4.253840548733902466e-02
4.250482683730918976e-02
4.250482683730918976e-02
4.250482683730918976e-02
4.250482683730918976e-02
4.250482683730918976e-02
4.250482683730918976e-02
4.250482683730918976e-02
4.250482683730918976e-02
4.250482683730918976e-02
4.250482683730918976e-02
4.250482683730918976e-02
4.250477348520387277e-02
4.250482683730918976e-02
4.250471248172057320e-02
4.250482683730918976e-02
4.250482683730918976e-02
4.250482683730918976e-02
4.250482683730918976e-02
4.250482683236343762e-02
4.250482683730918976e-02
4.250482683730918976e-02
4.250482683730918976e-02
4.250482683730918976e-02
4.250479052168642385e-02
4.250482683730918976e-02
4.250482683730918976e-02
4.250482683730918976e-02
4.250482683730918976e-02
4.250482683730918976e-02
4.250482683730918976e-02
4.250482683730918976e-02
4.250482683730918976e-02
4.250482683730918976e-02
4.250482683730918976e-02
4.250482683730918976e-02
4.250482683730918976e-02
4.250482683730918976e-02
4.250482683730918976e-02
4.250482683730918976e-02
4.250482683730918976e-02
4.250482683730918976e-02
4.250482683730918976e-02
4.250482683730918976e-02
4.250482683730918976e-02
4.250482683730918976e-02
4.250482683730918976e-02
4.250482683730918976e-02
4.250482683730918976e-02
4.250482683727100502e-02
4.250482683730918976e-02
4.250482683730918976e-02
4.250482683730918976e-02
4.250482683730918976e-02
4.250482684921685905e-02
4.250482683730918976e-02
4.250482683730918976e-02
4.250482683730918976e-02
4.250482683730918976e-02
4.250482683730918976e-02
4.250482683730918976e-02
4.250482682178744614e-02
4.250482683730918976e-02
4.250482683730918976e-02
4.250482683730918976e-02
4.250482683730918976e-02
4.250443433977565272e-02
4.250482683730918976e-02
4.250482683730918976e-02
4.250482683730918976e-02
4.250482683730918976e-02
4.250482900077807297e-02
4.250482683730918976e-02
4.250482683742336926e-02
4.250482683730918976e-02
4.250482683730918976e-02
4.250482683730918976e-02
4.250482683730918976e-02
4.250482683730918976e-02
4.250482683715704757e-02
4.250482683730918976e-02
4.250482683730918976e-02
4.250482683730918976e-02
4.250482683730918976e-02
4.250482683730918976e-02
4.250482683730918976e-02
4.250482683730918976e-02
4.250482683730918976e-02
4.250482683730918976e-02
4.250482683730918976e-02
4.250482683730918976e-02
4.250482683730918976e-02
4.250482683730918976e-02
4.250482683730918976e-02
4.250482683730918976e-02
4.250482683730918976e-02
4.250482683730918976e-02
4.250482683730918976e-02
4.250482683730918976e-02
4.250482683730918976e-02
4.250482683730918976e-02
4.250482683730918976e-02
4.250482683730918976e-02
4.250296025067489686e-02
4.250296025067489686e-02
4.250482683730918976e-02
4.250296025067489686e-02
4.250482683730918976e-02
4.250482683730918976e-02
4.250482683730918976e-02
4.250482683730918976e-02
4.250482683730918976e-02
9.814773415070467966e-01
4.250482683727100502e-02
4.250427458197710007e-02
4.188964765430083087e-02
4.266493785795027333e-02
4.250482683730918976e-02
3.838283791354813596e-02
4.250482683730918976e-02
4.250482681174372335e-02
4.250482683730918976e-02
4.250482683730918976e-02
4.250482683730918976e-02
4.250482683730918976e-02
4.250482683730918976e-02
4.250482683730918976e-02
4.250482683730918976e-02
9.999999994290356131e-01
4.250482683730918976e-02
4.250544916846681759e-02
4.250482830689901459e-02
4.250482683730918976e-02
4.250482681288509507e-02
4.250482683730918976e-02
4.250482683730918976e-02
4.250645007787951651e-02
9.829273111869568647e-01
9.814822173971216035e-01
4.250601953723279897e-02
9.814773417169505576e-01
4.250482683730918976e-02
4.250482683730918976e-02
4.250482683730918976e-02
4.250482683730918976e-02
4.250481544653327004e-02
4.250482683730918976e-02
4.250482683730918976e-02
4.270098067567659056e-02
9.902297751482750376e-01
4.250482683730918976e-02
4.250482683730918976e-02
4.250482683730918976e-02
4.250482683730918976e-02
4.250482683730918976e-02
4.250482683730918976e-02
4.250482683730918976e-02
4.250482683730918976e-02
4.250482683730918976e-02
4.250482683730918976e-02
4.250482683730918976e-02
4.250482683730918976e-02
4.250482683730918976e-02
4.250482683730918976e-02
4.250482683730918976e-02
4.250482683730918976e-02
4.250482683730918976e-02
4.250482683730918976e-02
4.250482683730918976e-02
7.056617915703999877e-01
4.250482683730918976e-02
4.250482683730918976e-02
4.250482683730918976e-02
4.250482683704287501e-02
4.250482683730918976e-02
4.250482683730918976e-02
4.250482683730918976e-02
4.250482683730918976e-02
4.250482683730918976e-02
4.250482683730918976e-02
4.250482683730918976e-02
4.250482683730918976e-02
4.250482683730918976e-02
4.250482683730918976e-02
4.250482683730918976e-02
4.250482683730918976e-02
4.250482683730918976e-02
4.250482683730918976e-02
4.250482683730918976e-02
4.250482683730918976e-02
4.250482683730918976e-02
4.250482683730918976e-02
4.250482683730918976e-02
4.250482683730918976e-02
4.250482646550815535e-02
4.250482683730918976e-02
4.250482683730918976e-02
4.250482683730918976e-02
4.250296025067489686e-02
4.250482683730918976e-02
4.250482683730918976e-02
4.250482683730918976e-02
4.250482683730918976e-02
4.250482683730918976e-02
4.250482683730918976e-02
4.250482683730918976e-02
4.250482683730918976e-02
4.250482683730918976e-02
4.250478145086019482e-02
4.250482683730918976e-02
4.250482683730918976e-02
4.250482683730918976e-02
4.250482683730918976e-02
4.250482683730918976e-02
4.250482683730918976e-02
4.250482683730918976e-02
4.250482683730918976e-02
4.250482683730918976e-02
4.250482683730918976e-02
4.250482683730918976e-02
4.250482683730918976e-02
4.250482683730918976e-02
4.250482683730918976e-02
4.250296025067489686e-02
4.250444406731075653e-02
9.814900134578486979e-01
9.814773415070467966e-01
4.250482683624392383e-02
4.250482683730918976e-02
4.250482683730918976e-02
4.250482683730918976e-02
4.250482683730918976e-02
4.250482683730918976e-02
4.250482683730918976e-02
4.250482683730918976e-02
4.250482683730918976e-02
4.250482683730918976e-02
4.250482683730918976e-02
4.250482683730918976e-02
4.250482683730918976e-02
9.383846401951382310e-01
4.250482683730918976e-02
4.250482683730918976e-02
4.250482683730918976e-02
4.250482683730918976e-02
4.250482683730918976e-02
4.250482683730918976e-02
4.250482683730918976e-02
4.250482683730918976e-02
4.250296025067489686e-02
4.250482683730918976e-02
4.250482683730918976e-02
4.250482683730918976e-02
4.250482683730918976e-02
1.211745980532008202e-03
4.250482683730918976e-02
4.250482683730918976e-02
4.250482683730918976e-02
4.250482683730918976e-02
4.250482683730918976e-02
4.250482683730918976e-02
4.250482683730918976e-02
4.250482683730918976e-02
4.250482683730918976e-02
4.250482683730918976e-02
4.250482683730918976e-02
4.250482683730918976e-02
4.250482683730918976e-02
4.250482683730918976e-02
4.250482683730918976e-02
4.250482683730918976e-02
4.250482683730918976e-02
4.250482683730918976e-02
4.250482683730918976e-02
4.250482683730918976e-02
4.250482683730918976e-02
4.250482683730918976e-02
4.250296025067489686e-02
4.250482683730918976e-02
4.250482683730918976e-02
4.250482683730918976e-02
1.421538713579740404e-03
4.250482683730918976e-02
4.250482683730918976e-02
4.250482683730918976e-02
4.250482683730918976e-02
4.250482683730918976e-02
4.250482683730918976e-02
4.250482683730918976e-02
4.250482683730918976e-02
4.250482683730918976e-02
4.250482683730918976e-02
4.250482683730918976e-02
4.250296025067489686e-02
4.250482683730918976e-02
4.250482683730918976e-02
4.250482683730918976e-02
4.250482683730918976e-02
4.250482683730918976e-02
4.250482683730918976e-02
4.250482683730918976e-02
4.250482683730918976e-02
4.250482683730918976e-02
4.250482683730918976e-02
4.250482683730918976e-02
4.250482683730918976e-02
4.250482683730918976e-02
4.250482683730918976e-02
4.250482683730918976e-02
4.250482683730918976e-02
4.250482683730918976e-02
4.250482683730918976e-02
4.250482683730918976e-02
4.250482683730918976e-02
4.250482683730918976e-02
4.250482683730918976e-02
4.250482683730918976e-02
4.250482683730918976e-02
4.250482683730918976e-02
4.250482683730918976e-02
4.250482683730918976e-02
4.250482683730918976e-02
4.250482683730918976e-02
4.250482683730918976e-02
4.250482683730918976e-02
4.250482683730918976e-02
4.250482683730918976e-02
4.250482683730918976e-02
4.250482683730918976e-02
4.250482683730918976e-02
4.250418286364235354e-02
4.250482683730918976e-02
4.250482683730918976e-02
4.250482683730918976e-02
4.250482683730918976e-02
4.250482683730918976e-02
4.250482683730918976e-02
4.250482683730918976e-02
4.250482683730918976e-02
4.250482683730918976e-02
4.250482683730918976e-02
4.250482683730918976e-02
4.250482683730918976e-02
4.250482683730918976e-02
4.250482683730918976e-02
4.250482683730918976e-02
4.250482683730918976e-02
4.250482683730918976e-02
4.250482683730918976e-02
4.250482683730918976e-02
4.250482683730918976e-02
4.250482683730918976e-02
4.250482683730918976e-02
4.250482683730918976e-02
4.250482683730918976e-02
4.250482683730918976e-02
4.250482683730918976e-02
4.250482683730918976e-02
4.250482683730918976e-02
4.250482683730918976e-02
4.250296025067489686e-02
4.250482683730918976e-02
4.250482683730918976e-02
4.250482683730918976e-02
4.250482683730918976e-02
4.250482683730918976e-02
4.250482683730918976e-02
4.250482683730918976e-02
4.250482683730918976e-02
4.250482683730918976e-02
4.250482683730918976e-02
4.250482683730918976e-02
4.250482683730918976e-02
4.250482683730918976e-02
4.250482683730918976e-02
4.250482683730918976e-02
4.250482683730918976e-02
4.250296025067489686e-02
4.250482683730918976e-02
4.250482683730918976e-02
4.250482683730918976e-02
4.250482683730918976e-02
4.250482683730918976e-02
4.250296025067489686e-02
4.250482683730918976e-02
4.250482683730918976e-02
4.250482683730918976e-02
4.250482683730918976e-02
4.250482683730918976e-02
4.250482683730918976e-02
4.250482683730918976e-02
4.250482683730918976e-02
4.250482683730918976e-02
4.250482683730918976e-02
4.250482683730918976e-02
4.250482683730918976e-02
4.250482683730918976e-02
4.250482683730918976e-02
4.250482683730918976e-02
4.250482683730918976e-02
4.250482683730918976e-02
4.250482683730918976e-02
4.250482683730918976e-02
4.250482683730918976e-02
4.250482683730918976e-02
4.250482683730918976e-02
4.250482683730918976e-02
4.250482683730918976e-02
4.250482683730918976e-02
4.250482683730918976e-02
4.250482683730918976e-02
4.250482683730918976e-02
4.250482683730918976e-02
4.250482683730918976e-02
4.250482683730918976e-02
4.250482683730918976e-02
4.250482683730918976e-02
4.250482683730918976e-02
4.250482683730918976e-02
4.250482683730918976e-02
4.250356434338523060e-02
4.250482683730918976e-02
4.250482683730918976e-02
4.250482683730918976e-02
4.250482683730918976e-02
4.250482683730918976e-02
4.250482683730918976e-02
4.250482683730918976e-02
4.250482683730918976e-02
4.250482683730918976e-02
4.250488521863416552e-02
4.250482683730918976e-02
4.250482683730918976e-02
4.250482683730918976e-02
4.250482683730918976e-02
4.250482683730918976e-02
4.250482683730918976e-02
4.250482683730918976e-02
4.250482683730918976e-02
4.250482683730918976e-02
4.250482683730918976e-02
4.250482683730918976e-02
4.250482683730918976e-02
4.250482683730918976e-02
4.250482683730918976e-02
4.250482683730918976e-02
4.250482683730918976e-02
4.250482683730918976e-02
4.250482683730918976e-02
4.250482683730918976e-02
4.250482683730918976e-02
4.250482683730918976e-02
4.250482683730918976e-02
4.250482683730918976e-02
4.250296025067489686e-02
4.250482683730918976e-02
4.250482683727100502e-02
4.250482683730918976e-02
4.250482683730918976e-02
4.250482683730918976e-02
4.250482683730918976e-02
4.250482683730918976e-02
4.250482683730918976e-02
4.250482683730918976e-02
4.250482683730918976e-02
4.250482683730918976e-02
4.250482683730918976e-02
4.250482683730918976e-02
4.250482680360236076e-02
4.250482683730918976e-02
4.250482683730918976e-02
4.250482683730918976e-02
4.250482683730918976e-02
4.250482683730918976e-02
4.250482683730918976e-02
4.250482683730918976e-02
4.250482683730918976e-02
4.250482683730918976e-02
4.250482683730918976e-02
5.094031243063998349e-02
4.250482683730918976e-02
4.250482683730918976e-02
4.250482683730918976e-02
4.250482683730918976e-02
4.250482683730918976e-02
4.250482683730918976e-02
4.250482683730918976e-02
4.250482683730918976e-02
4.250482683730918976e-02
4.250482683730918976e-02
4.250482683730918976e-02
4.250482683730918976e-02
4.250482683730918976e-02
4.250482683730918976e-02
4.250482683730918976e-02
4.250482683730918976e-02
4.250482683730918976e-02
4.250482683730918976e-02
4.250482683730918976e-02
4.250482683730918976e-02
4.250482683730918976e-02
4.250482683730918976e-02
4.250482683730918976e-02
4.250482699321220942e-02
4.250599703929624357e-02
4.250482683730918976e-02
4.250482683730918976e-02
4.250482683730918976e-02
4.250482683730918976e-02
4.250482683730918976e-02
4.250482683730918976e-02
4.250482683730918976e-02
4.250482683730918976e-02
4.250482683730918976e-02
4.250482683730918976e-02
4.250482683730918976e-02
4.250482683730918976e-02
4.250482683730918976e-02
4.250482683730918976e-02
4.250482683730918976e-02
4.250482683730918976e-02
4.250482683730918976e-02
4.250482683730918976e-02
4.250482683730918976e-02
4.250296025067489686e-02
4.250482683730918976e-02
4.250296025067489686e-02
4.250296025067489686e-02
4.250482683730918976e-02
4.250482683730918976e-02
4.250482683730918976e-02
4.250482683730918976e-02
4.250482683730918976e-02
4.250482683730918976e-02
4.250482683730918976e-02
4.250482683730918976e-02
4.250482683730918976e-02
4.250296025067489686e-02
4.250482683730918976e-02
4.250482683730918976e-02
4.250482683730918976e-02
4.250482683730918976e-02
4.250482683730918976e-02
4.250482683730918976e-02
4.250482683730918976e-02
4.250482683730918976e-02
4.250296025067489686e-02
4.250482683730918976e-02
4.250482683730918976e-02
4.250482683730918976e-02
4.250482683730918976e-02
4.250482683730918976e-02
4.250296025067489686e-02
4.250482683730918976e-02
4.250482683730918976e-02
4.250482683730918976e-02
4.250482683730918976e-02
4.250482683730918976e-02
4.250482683730918976e-02
4.250482683730918976e-02
4.250482683730918976e-02
4.250482683730918976e-02
4.250482683730918976e-02
4.250482683730918976e-02
4.250482683730918976e-02
4.250482683730918976e-02
4.250482683730918976e-02
4.250482683730918976e-02
4.250482683730918976e-02
4.250482683730918976e-02
4.250482683730918976e-02
4.250482683730918976e-02
4.250482683730918976e-02
4.250482683730918976e-02
4.250482683730918976e-02
4.250482683730918976e-02
4.250482683730918976e-02
4.250296025067489686e-02
4.250482683730918976e-02
4.250482683730918976e-02
4.250482683730918976e-02
4.250482683730918976e-02
4.250296025067489686e-02
4.250482683730918976e-02
4.250482683730918976e-02
4.250296025067489686e-02
4.250482683730918976e-02
4.250482683730918976e-02
4.250482683730918976e-02
4.250482683730918976e-02
4.250482683730918976e-02
4.250482683730918976e-02
4.250482683730918976e-02
4.250482683730918976e-02
4.250482683730918976e-02
4.250482683730918976e-02
4.250482683730918976e-02
4.250482683730918976e-02
4.250482683730918976e-02
4.250482683730918976e-02
4.250482682935800838e-02
4.250482686743976835e-02
4.250482683730918976e-02
4.250481885996523768e-02
4.250482678157518901e-02
4.250482683730918976e-02
4.250482683730918976e-02
4.250482683730918976e-02
4.250482683730918976e-02
4.250482683730918976e-02
4.250482683730918976e-02
4.250482683730918976e-02
4.250482683730918976e-02
4.250482683730918976e-02
4.250482683730918976e-02
4.250482683730918976e-02
4.250482683730918976e-02
4.250482683730918976e-02
4.250482683730918976e-02
4.250482683730918976e-02
4.250482683730918976e-02
4.250482683730918976e-02
4.250482683730918976e-02
4.250482683730918976e-02
4.250482683730918976e-02
4.250482683730918976e-02
4.250482683730918976e-02
4.250482683730918976e-02
4.250482683730918976e-02
4.250482683730918976e-02
4.250482683730918976e-02
4.250482683730918976e-02
4.250482683730918976e-02
4.250482683730918976e-02
4.248504905890025662e-02
4.250557023163450965e-02
4.250482683730918976e-02
4.250482683730918976e-02
4.250482683730918976e-02
4.250482683730918976e-02
4.250482683730918976e-02
4.250482683730918976e-02
4.250482683730918976e-02
4.250482683730918976e-02
4.250482683730918976e-02
4.250482683730918976e-02
4.250482683730918976e-02
4.250482683730918976e-02
4.250482683730918976e-02
4.250482683730918976e-02
4.250482683730918976e-02
4.250482683730918976e-02
4.250482683730918976e-02
4.250482683730918976e-02
4.250482683730918976e-02
4.250482683730918976e-02
4.250482683730918976e-02
4.250482683730918976e-02
4.250482683730918976e-02
4.250482683730918976e-02
4.250482683730918976e-02
4.250482683730918976e-02
4.250482683730918976e-02
4.250482683730918976e-02
4.250482683730918976e-02
4.250482683730918976e-02
4.250482683730918976e-02
4.250482683730918976e-02
4.250460539311932268e-02
4.250482683730918976e-02
4.250482683730918976e-02
4.250482683730918976e-02
4.250482683730918976e-02
4.250482683730918976e-02
4.250482683730918976e-02
4.250482683730918976e-02
4.250482683730918976e-02
4.250482683730918976e-02
4.250482683730918976e-02
4.250482683730918976e-02
4.250482683730918976e-02
4.250482683730918976e-02
4.250482683730918976e-02
4.250482683730918976e-02
4.250482683730918976e-02
4.250482683730918976e-02
4.250482683730918976e-02
4.250482683730918976e-02
4.250482683730918976e-02
4.250296025067489686e-02
4.250482683730918976e-02
4.250482683730918976e-02
4.250482683730918976e-02
4.250482683730918976e-02
4.250482683730918976e-02
4.250482683730918976e-02
4.250482683730918976e-02
4.250482683730918976e-02
4.250482683730918976e-02
4.250482683730918976e-02
4.250482683730918976e-02
4.250482683730918976e-02
4.250482683730918976e-02
5.013946722415340423e-02
4.250483354688629895e-02
4.250482683730918976e-02
4.250482683730918976e-02
4.250482683730918976e-02
4.250482683730918976e-02
4.250482683730918976e-02
4.250482683730918976e-02
4.250482683730918976e-02
4.250482683730918976e-02
4.250482683730918976e-02
4.250482683730918976e-02
4.250482683730918976e-02
4.250482683730918976e-02
4.250482683730918976e-02
4.250482683730918976e-02
4.250482683730918976e-02
4.697691992582092579e-02
4.250482683730918976e-02
4.250482683730918976e-02
4.250482683730918976e-02
4.250482683730918976e-02
4.250482683730918976e-02
4.250482683730918976e-02
4.250482683730918976e-02
4.250482683730918976e-02
4.250482683730918976e-02
4.250482683730918976e-02
4.250482683730918976e-02
4.250482683730918976e-02
4.250482683730918976e-02
4.250482683730918976e-02
4.250482683730918976e-02
4.250482683730918976e-02
4.250482683730918976e-02
4.250482683730918976e-02
4.250482683730918976e-02
4.250482683730918976e-02
4.250482683730918976e-02
4.250482683730918976e-02
4.250482683700469028e-02
4.250482683730918976e-02
4.250482683730918976e-02
4.250482683730918976e-02
4.250482683730918976e-02
4.250482683730918976e-02
4.250482683730918976e-02
4.250482683730918976e-02
4.250482683730918976e-02
4.250482683730918976e-02
4.250482683730918976e-02
4.250482683730918976e-02
4.250482683730918976e-02
4.250482683730918976e-02
4.250482683730918976e-02
4.250482683730918976e-02
4.250482683730918976e-02
4.250482683730918976e-02
4.250482683730918976e-02
4.250482683730918976e-02
4.250296025067489686e-02
4.250296025067489686e-02
3.627302484800793564e-02
4.250482683730918976e-02
4.250482683730918976e-02
4.250482683730918976e-02
4.250482683730918976e-02
4.250482683730918976e-02
4.250482683730918976e-02
4.250482683730918976e-02
4.250482683730918976e-02
4.250482683730918976e-02
4.250482683730918976e-02
4.250482683730918976e-02
4.250482683730918976e-02
4.250482683730918976e-02
4.250482683730918976e-02
4.250296025067489686e-02
4.250482683730918976e-02
4.250482683730918976e-02
4.250482683730918976e-02
4.250482683730918976e-02
4.250482683730918976e-02
4.250482683730918976e-02
4.250482683730918976e-02
4.250482683730918976e-02
4.250482683730918976e-02
4.250482683730918976e-02
4.250482683730918976e-02
4.250482683730918976e-02
4.250482683730918976e-02
4.250482655951408340e-02
4.250482683730918976e-02
4.250482683730918976e-02
4.250482683730918976e-02
4.250482683730918976e-02
4.250482683730918976e-02
4.250482683730918976e-02
4.250482683730918976e-02
4.250482683730918976e-02
4.250482683730918976e-02
4.250482683730918976e-02
4.250480742437584558e-02
4.250482683727100502e-02
4.250296025067489686e-02
4.250482683730918976e-02
4.250482683730918976e-02
4.250482683730918976e-02
4.250482683730918976e-02
4.250482683730918976e-02
4.250482683730918976e-02
4.250482683730918976e-02
4.250482683738518452e-02
4.250482683730918976e-02
4.250482683730918976e-02
4.250482683730918976e-02
4.250482683730918976e-02
4.250296025067489686e-02
4.250482683730918976e-02
4.250482683730918976e-02
4.250482683730918976e-02
4.250482683730918976e-02
4.250482683730918976e-02
4.250482683730918976e-02
4.250482683730918976e-02
4.250482683730918976e-02
4.250482683730918976e-02
4.250482683730918976e-02
4.250482683730918976e-02
4.250482683730918976e-02
4.250482683730918976e-02
4.250296025067489686e-02
4.250482683730918976e-02
4.250482683730918976e-02
4.250482683730918976e-02
4.250482683730918976e-02
4.250482683730918976e-02
4.250482683730918976e-02
4.250482686435832352e-02
4.250482683730918976e-02
4.250482683730918976e-02
4.250482683730918976e-02
4.250482683730918976e-02
4.250482683730918976e-02
4.250482683730918976e-02
4.250482683730918976e-02
4.250482683730918976e-02
4.250482683730918976e-02
4.250482683730918976e-02
4.250482683730918976e-02
4.250482683730918976e-02
4.250482683730918976e-02
4.250482683730918976e-02
4.250482683730918976e-02
4.250482683730918976e-02
4.250482683730918976e-02
4.250482683730918976e-02
4.250482683730918976e-02
4.250482683730918976e-02
4.250482683730918976e-02
4.250482683730918976e-02
4.250482683730918976e-02
4.250482683730918976e-02
4.250482683730918976e-02
4.250482683730918976e-02
4.250482683730918976e-02
4.250482683730918976e-02
4.250482683730918976e-02
4.250482683730918976e-02
4.250482683730918976e-02
4.250482683730918976e-02
4.250482683730918976e-02
4.250482683730918976e-02
4.250482683730918976e-02
4.250482683730918976e-02
4.250482683730918976e-02
4.250482683730918976e-02
4.250482683730918976e-02
4.250482683730918976e-02
4.250482683730918976e-02
4.250482683730918976e-02
4.250482683730918976e-02
4.250482683730918976e-02
4.250482683730918976e-02
4.250482683730918976e-02
4.250482683730918976e-02
4.250482683730918976e-02
4.250482683730918976e-02
4.250482683730918976e-02
4.250482683730918976e-02
4.250482683730918976e-02
4.250482683730918976e-02
4.250482683730918976e-02
4.250482683730918976e-02
4.250482683730918976e-02
4.250482683730918976e-02
4.250482683730918976e-02
4.250482683730918976e-02
4.250482683730918976e-02
4.250296025067489686e-02
4.250482683730918976e-02
4.250482683730918976e-02
4.250482683730918976e-02
4.250482683730918976e-02
4.250482683730918976e-02
4.250482683730918976e-02
4.250482683730918976e-02
4.250482683730918976e-02
4.250482683730918976e-02
4.250482683730918976e-02
4.250482683730918976e-02
4.250482683730918976e-02
4.250482683730918976e-02
4.250482683730918976e-02
4.250482683730918976e-02
4.250482683700469028e-02
4.250482683730918976e-02
4.250482683730918976e-02
4.250482683730918976e-02
4.250482683730918976e-02
4.250482683730918976e-02
4.250482683730918976e-02
4.250482683730918976e-02
4.250482683730918976e-02
4.250482683730918976e-02
4.250482683730918976e-02
4.250482683730918976e-02
4.250482683730918976e-02
4.250482683730918976e-02
4.250482683730918976e-02
4.250482683730918976e-02
4.250482683730918976e-02
4.250482683730918976e-02
4.250482683730918976e-02
4.250482683730918976e-02
4.250482683730918976e-02
4.250482683730918976e-02
4.250482683730918976e-02
4.250482683730918976e-02
4.250482683730918976e-02
4.250482683730918976e-02
4.250482683730918976e-02
4.250482683730918976e-02
4.250482683730918976e-02
4.250482683730918976e-02
4.250482683730918976e-02
4.414712052228606659e-02
4.250482683730918976e-02
4.250482683730918976e-02
4.250516061152809916e-02
4.250482683730918976e-02
4.250482683730918976e-02
4.250482683730918976e-02
4.250482749135636035e-02
4.250482683730918976e-02
4.027771610463408425e-02
4.250421653670159033e-02
4.247366643722221002e-02
4.250482683940161321e-02
4.250482683730918976e-02
4.250482683730918976e-02
4.250482683730918976e-02
4.250482683730918976e-02
4.250482683730918976e-02
4.250482683730918976e-02
4.250482683730918976e-02
4.250482683730918976e-02
4.250482683730918976e-02
4.250482683730918976e-02
4.250479082847060525e-02
4.250482683730918976e-02
4.250482683730918976e-02
4.250482683730918976e-02
4.250482683730918976e-02
4.250482683730918976e-02
4.250482683730918976e-02
4.250482683730918976e-02
4.250482683730918976e-02
4.250482683730918976e-02
4.250482683730918976e-02
4.250482683730918976e-02
4.250482683730918976e-02
4.250482683730918976e-02
4.250482683730918976e-02
4.250482683730918976e-02
4.250482683730918976e-02
4.250482683730918976e-02
4.250482682939618617e-02
4.250482683730918976e-02
4.250482683730918976e-02
4.250482683730918976e-02
4.250482683730918976e-02
4.250482683730918976e-02
4.250296025067489686e-02
4.250482683730918976e-02
4.250482683730918976e-02
4.250482683730918976e-02
4.250482683730918976e-02
4.250482683730918976e-02
4.250482683730918976e-02
4.250141054688448550e-02
4.250482683730918976e-02
4.250482683730918976e-02
4.250482683730918976e-02
4.250482683730918976e-02
4.250482681299939253e-02
4.250482683730918976e-02
4.250482683730918976e-02
4.250482683730918976e-02
4.250482683730918976e-02
4.250482683730918976e-02
4.250482683730918976e-02
4.250482683730918976e-02
4.250482683730918976e-02
4.250482683730918976e-02
4.250482683730918976e-02
4.250482683730918976e-02
4.250482683730918976e-02
4.250482683730918976e-02
4.250482683730918976e-02
4.250482683730918976e-02
4.250482683730918976e-02
4.250482683730918976e-02
4.250482683730918976e-02
4.250482683730918976e-02
4.250482683730918976e-02
4.250482683730918976e-02
4.250482683730918976e-02
4.250482683730918976e-02
4.250482683730918976e-02
4.250482683730918976e-02
4.250482683730918976e-02
4.154060221798246133e-02
4.250482683730918976e-02
4.250482683730918976e-02
4.250482683730918976e-02
4.250482683730918976e-02
4.250482683730918976e-02
4.250482683730918976e-02
4.250482683730918976e-02
4.250482683730918976e-02
4.250482683730918976e-02
4.250482683730918976e-02
4.250482683730918976e-02
4.250482683730918976e-02
4.250482683730918976e-02
4.250482683730918976e-02
4.250482683730918976e-02
4.250482683730918976e-02
4.250482683730918976e-02
4.250482683730918976e-02
4.250482683730918976e-02
4.250482683730918976e-02
4.250482683730918976e-02
4.250482683730918976e-02
4.250482683730918976e-02
4.250482683730918976e-02
4.250482683730918976e-02
4.250482683730918976e-02
4.250482683730918976e-02
4.250482683730918976e-02
4.250482683730918976e-02
4.250482683730918976e-02
4.250482683727100502e-02
4.250482683730918976e-02
4.250482683730918976e-02
4.250482683730918976e-02
4.250482683730918976e-02
4.250482683730918976e-02
4.250482683730918976e-02
4.250482683730918976e-02
4.250482683730918976e-02
4.250482683730918976e-02
4.250482683730918976e-02
4.250482683730918976e-02
4.250482683730918976e-02
4.250482683730918976e-02
4.250482683730918976e-02
4.250482683730918976e-02
4.250482683730918976e-02
4.250482683730918976e-02
4.250482683730918976e-02
4.250482683730918976e-02
4.250482683730918976e-02
4.250482683730918976e-02
4.250482683730918976e-02
4.250482683730918976e-02
4.250482683730918976e-02
4.250482683730918976e-02
4.250482683730918976e-02
4.250482683730918976e-02
4.250482683730918976e-02
4.250482683730918976e-02
4.250482683730918976e-02
4.250482683730918976e-02
4.250482683730918976e-02
4.250482683730918976e-02
4.250482683730918976e-02
4.250482683730918976e-02
4.250482683730918976e-02
4.250482683730918976e-02
4.250482683730918976e-02
4.250482683730918976e-02
4.250482674524332788e-02
4.250482683730918976e-02
4.250482683730918976e-02
4.250482683730918976e-02
4.250482683730918976e-02
4.250482683730918976e-02
4.250482683730918976e-02
4.250482683730918976e-02
4.250482683730918976e-02
4.250482683730918976e-02
4.250482683730918976e-02
4.250482683730918976e-02
4.250482683730918976e-02
4.250482683730918976e-02
4.250482683730918976e-02
4.250482683730918976e-02
4.250482683730918976e-02
4.250482683730918976e-02
4.250482683730918976e-02
4.250482683730918976e-02
4.250482683730918976e-02
4.250482683730918976e-02
4.250482683730918976e-02
4.250482683730918976e-02
4.250482683730918976e-02
4.250482683730918976e-02
4.250482683730918976e-02
4.250482683730918976e-02
4.250482683730918976e-02
4.250482683730918976e-02
4.250482683730918976e-02
4.250482683730918976e-02
4.250482683730918976e-02
4.250482683730918976e-02
4.250482683730918976e-02
4.250296025067489686e-02
4.250482683730918976e-02
4.250482683730918976e-02
4.250482683730918976e-02
4.250482683730918976e-02
4.250482683730918976e-02
4.250482683730918976e-02
4.250482683730918976e-02
4.250482683730918976e-02
4.250482683730918976e-02
4.250482683730918976e-02
4.250482683730918976e-02
4.250482683730918976e-02
4.250482683730918976e-02
4.250482683730918976e-02
4.250482683730918976e-02
4.250296025067489686e-02
4.250296025067489686e-02
4.250482683730918976e-02
4.250482683730918976e-02
4.250482683730918976e-02
4.250482683730918976e-02
4.250482683730918976e-02
4.250482683730918976e-02
4.250482683730918976e-02
4.250482683730918976e-02
4.250482683730918976e-02
4.250482683730918976e-02
4.250482683730918976e-02
4.250482683730918976e-02
4.250482683730918976e-02
4.250482683730918976e-02
4.250296025067489686e-02
4.250482683004276618e-02
4.250482683730918976e-02
4.250482683730918976e-02
4.250482683730918976e-02
4.250482683730918976e-02
4.250482683730918976e-02
4.250482683730918976e-02
4.250482683730918976e-02
4.250482683730918976e-02
4.250482683730918976e-02
4.250482683730918976e-02
4.250482683730918976e-02
4.250482683730918976e-02
4.250482683730918976e-02
4.250482683730918976e-02
4.250482683730918976e-02
4.250482683730918976e-02
4.250482683730918976e-02
4.250482683730918976e-02
4.250482683730918976e-02
4.250482683730918976e-02
4.250482683730918976e-02
4.250482683730918976e-02
4.250482683730918976e-02
4.250482683730918976e-02
4.250482683730918976e-02
4.250482683730918976e-02
4.250296025067489686e-02
4.250482683730918976e-02
4.250482683730918976e-02
4.250482683730918976e-02
4.250482683730918976e-02
4.250482683730918976e-02
4.250482683730918976e-02
4.250482683730918976e-02
4.250482683730918976e-02
4.250482683730918976e-02
4.250482683730918976e-02
4.250482683730918976e-02
4.250482683730918976e-02
4.250482683730918976e-02
4.250482683730918976e-02
4.250482683730918976e-02
4.250482683730918976e-02
4.250482683730918976e-02
4.250482683730918976e-02
4.250482683730918976e-02
4.250482683730918976e-02
4.250482683730918976e-02
4.250482683730918976e-02
4.250482683730918976e-02
4.250482683730918976e-02
4.250482683730918976e-02
4.250482683730918976e-02
4.250482683730918976e-02
4.250482683730918976e-02
4.250482683730918976e-02
4.250482683730918976e-02
4.250482683730918976e-02
4.250482683730918976e-02
4.250482683730918976e-02
4.250482683730918976e-02
4.250482683730918976e-02
4.250482683730918976e-02
4.250482683730918976e-02
4.250482683730918976e-02
4.250482683730918976e-02
4.250482683730918976e-02
4.250482683730918976e-02
4.250482683730918976e-02
4.250482683730918976e-02
4.250482683730918976e-02
4.250482683730918976e-02
4.250482683730918976e-02
4.250482683730918976e-02
4.250482683730918976e-02
4.250482683730918976e-02
4.250482683730918976e-02
4.250482683730918976e-02
4.250482683730918976e-02
4.250482683730918976e-02
4.250482683730918976e-02
4.250482683730918976e-02
4.250482683730918976e-02
4.250482683730918976e-02
4.250482683730918976e-02
4.250482683730918976e-02
4.250482683730918976e-02
4.250482683730918976e-02
4.250482683730918976e-02
4.250482683730918976e-02
4.250482683730918976e-02
4.250482683730918976e-02
4.250482683730918976e-02
4.250482683730918976e-02
4.250482683730918976e-02
4.250482683730918976e-02
4.250482683730918976e-02
4.250482683730918976e-02
4.250482683730918976e-02
4.250482683730918976e-02
4.250482683730918976e-02
4.250482683730918976e-02
4.250482683730918976e-02
4.250482683730918976e-02
4.250482683730918976e-02
4.250482683730918976e-02
4.250482683730918976e-02
4.250482683730918976e-02
4.250482683730918976e-02
4.250482683692868163e-02
4.250482683730918976e-02
4.250482683730918976e-02
4.250482683730918976e-02
4.250482683730918976e-02
4.250482683730918976e-02
4.250482683730918976e-02
4.250482683730918976e-02
4.250482683730918976e-02
4.250482683730918976e-02
4.250482129498960732e-02
4.250482683730918976e-02
4.250482683730918976e-02
4.250482683730918976e-02
4.250482683730918976e-02
4.250482683730918976e-02
4.250482683730918976e-02
4.250482683730918976e-02
4.250482683730918976e-02
4.250482683730918976e-02
4.250482683730918976e-02
4.250482683730918976e-02
4.250482683730918976e-02
4.250482683730918976e-02
4.250482683730918976e-02
4.250482680596110591e-02
4.230949005094482990e-02
4.207866149310918874e-02
4.250482683730918976e-02
4.250482683730918976e-02
4.250296025067489686e-02
4.250482683730918976e-02
4.250482683730918976e-02
4.250482683730918976e-02
4.250482683730918976e-02
4.250482683730918976e-02
4.250482683730918976e-02
4.250482683730918976e-02
4.250482683730918976e-02
4.250482683730918976e-02
4.250296025067489686e-02
4.250482683730918976e-02
4.250482683730918976e-02
2.727110032976524587e-02
4.250482683730918976e-02
4.250482683730918976e-02
4.250482683730918976e-02
4.250482683730918976e-02
4.250482683730918976e-02
4.250482683730918976e-02
4.250482683730918976e-02
4.250482683730918976e-02
4.250482683730918976e-02
4.250482683730918976e-02
4.250482683730918976e-02
4.250482683730918976e-02
4.250482683730918976e-02
4.250482683730918976e-02
4.250482683730918976e-02
4.250482683730918976e-02
4.250482683730918976e-02
4.250482683730918976e-02
4.250482683730918976e-02
4.261294646681232368e-02
4.250482683730918976e-02
4.250482683730918976e-02
4.250482683730918976e-02
4.250482683730918976e-02
4.250482683730918976e-02
4.250482683730918976e-02
4.250482683730918976e-02
4.250486019901877216e-02
4.250404044778988144e-02
4.250482683730918976e-02
4.250482683730918976e-02
4.250482683730918976e-02
4.250482683730918976e-02
4.250482683730918976e-02
4.250482683730918976e-02
4.250508450779523495e-02
4.250482683730918976e-02
4.250482683730918976e-02
4.250482683730918976e-02
4.250482683730918976e-02
4.250482683730918976e-02
4.245192689562068272e-02
4.250482683730918976e-02
4.250482683730918976e-02
4.250482683730918976e-02
4.250482683730918976e-02
4.250482683730918976e-02
4.250482683730918976e-02
4.250482683730918976e-02
4.250482683730918976e-02
4.250482683730918976e-02
4.250482683730918976e-02
4.250482683730918976e-02
4.250482683730918976e-02
4.250482683730918976e-02
4.250482683730918976e-02
4.250482683730918976e-02
4.250482683730918976e-02
4.250482683730918976e-02
4.250482683730918976e-02
4.250482683730918976e-02
4.250482683730918976e-02
4.250482683730918976e-02
4.250482683730918976e-02
4.250482683730918976e-02
4.250482683730918976e-02
4.250482683730918976e-02
4.250482683730918976e-02
4.250482683730918976e-02
4.250482683730918976e-02
4.250482683730918976e-02
4.250482683730918976e-02
4.250482683730918976e-02
4.250482683730918976e-02
4.250482683730918976e-02
4.250482683776579673e-02
4.250482683730918976e-02
4.250482683730918976e-02
4.250482683730918976e-02
4.250482683730918976e-02
4.250482683730918976e-02
4.250482683730918976e-02
4.250482683730918976e-02
4.250482683730918976e-02
4.250482683730918976e-02
4.250482683730918976e-02
4.250482683730918976e-02
4.250482683730918976e-02
4.250482683730918976e-02
4.250482683730918976e-02
4.250482683730918976e-02
4.250482683730918976e-02
4.250482683730918976e-02
4.250482683730918976e-02
4.250482683730918976e-02
4.250482683730918976e-02
4.250482683730918976e-02
4.250482683730918976e-02
4.250482683730918976e-02
4.250482683730918976e-02
4.250482683730918976e-02
4.250482683730918976e-02
4.250296025067489686e-02
4.250296025067489686e-02
4.250482683730918976e-02
4.250482683730918976e-02
4.250482683730918976e-02
4.250482683730918976e-02
4.250482683730918976e-02
4.250482683730918976e-02
4.250482683730918976e-02
4.250482683730918976e-02
4.250482683730918976e-02
4.250231269908261861e-02
4.250482683730918976e-02
4.250482683730918976e-02
4.250482683730918976e-02
4.250482683730918976e-02
4.250482683730918976e-02
4.250482683730918976e-02
4.250482683730918976e-02
4.250482683730918976e-02
4.250482683730918976e-02
4.250482683730918976e-02
4.250296025067489686e-02
4.250482683730918976e-02
4.250482683730918976e-02
4.250296025067489686e-02
4.250482683730918976e-02
4.250482683730918976e-02
4.250482683730918976e-02
4.250482683730918976e-02
4.250482683730918976e-02
4.250482683730918976e-02
4.250482683730918976e-02
4.250482683730918976e-02
4.250482683730918976e-02
4.250482683730918976e-02
4.250482683730918976e-02
4.250482683730918976e-02
4.250482683730918976e-02
4.250482683730918976e-02
4.250482683730918976e-02
4.250482683730918976e-02
4.250482683730918976e-02
4.250482683730918976e-02
4.249908699669907586e-02
4.250482683730918976e-02
4.250482683730918976e-02
4.250482683730918976e-02
4.263278681701803546e-02
4.250482683730918976e-02
4.250482683730918976e-02
4.250482693021191000e-02
4.250012171259483912e-02
4.250482683719498944e-02
4.250482683730918976e-02
4.250482683612986229e-02
4.250482681958071135e-02
4.250482683730918976e-02
4.250482683833636810e-02
4.250398220614229339e-02
4.250482683730918976e-02
4.250482683730918976e-02
4.250482683730918976e-02
4.250482683730918976e-02
4.250482683730918976e-02
4.250482683730918976e-02
4.250482683730918976e-02
4.250482683730918976e-02
4.250482683730918976e-02
4.250482683730918976e-02
4.250482683730918976e-02
4.250482683730918976e-02
4.250482683730918976e-02
4.250296025067489686e-02
4.250482683730918976e-02
4.250482911053422852e-02
4.250482683730918976e-02
4.250482683730918976e-02
4.067166215613686464e-02
4.250482683730918976e-02
4.250482683730918976e-02
4.250482683730918976e-02
4.250482683730918976e-02
4.250482683730918976e-02
4.250482683730918976e-02
4.250482683730918976e-02
4.250482683730918976e-02
4.250482683730918976e-02
4.250482682178744614e-02
4.250482683730918976e-02
4.250482683730918976e-02
4.250482683730918976e-02
4.250482683730918976e-02
4.250482683730918976e-02
4.250482683730918976e-02
4.250482683730918976e-02
4.250482683730918976e-02
4.250482683730918976e-02
4.250576920543903264e-02
4.250482683730918976e-02
4.250482683727100502e-02
4.250482683730918976e-02
4.250482660535671170e-02
4.250482683730918976e-02
4.250482683730918976e-02
4.250482683730918976e-02
4.250482683730918976e-02
4.250482683730918976e-02
4.250482683730918976e-02
4.250482683730918976e-02
4.250482683730918976e-02
4.250482683730918976e-02
4.250482683730918976e-02
4.250482683730918976e-02
4.250482683730918976e-02
4.250482683730918976e-02
4.250482683730918976e-02
4.250296025067489686e-02
4.250482683730918976e-02
4.250482683730918976e-02
4.250482683730918976e-02
4.250482683730918976e-02
4.250482683730918976e-02
4.250482683730918976e-02
4.250482683730918976e-02
4.250482683730918976e-02
4.250482683730918976e-02
4.250482683730918976e-02
4.250482683730918976e-02
4.250482683730918976e-02
4.250482683730918976e-02
4.250433154142222586e-02
4.250482683730918976e-02
4.250446528383387823e-02
4.250482683730918976e-02
4.250482683730918976e-02
4.250480493453133446e-02
4.250482683730918976e-02
4.250482683240162929e-02
4.250482683730918976e-02
4.250482683730918976e-02
4.250482683730918976e-02
4.250482683730918976e-02
4.250482683730918976e-02
4.250482683730918976e-02
4.250482683730918976e-02
4.250482683730918976e-02
4.250482683730918976e-02
4.250482683730918976e-02
4.250482683730918976e-02
4.250482683730918976e-02
4.250482683730918976e-02
4.250482683730918976e-02
4.250482683730918976e-02
4.250482683730918976e-02
4.250482683730918976e-02
4.250482683730918976e-02
4.250482683730918976e-02
4.250482683730918976e-02
4.250482683730918976e-02
4.250482683730918976e-02
4.250482683730918976e-02
4.250482683730918976e-02
4.250482683730918976e-02
4.250482683730918976e-02
4.250482683730918976e-02
4.250482683730918976e-02
4.250482683730918976e-02
4.250482683730918976e-02
4.250482683730918976e-02
4.250482683730918976e-02
4.250482683730918976e-02
4.250482683730918976e-02
4.250482683730918976e-02
4.250482683730918976e-02
4.250482683730918976e-02
4.250482683730918976e-02
4.250482683730918976e-02
4.250482683730918976e-02
4.250482683730918976e-02
4.250482683730918976e-02
4.250482683730918976e-02
4.250482683730918976e-02
4.250482683730918976e-02
4.250482683730918976e-02
4.250482683730918976e-02
4.250482683730918976e-02
4.250482683730918976e-02
4.250482683730918976e-02
4.250482683730918976e-02
4.250482683730918976e-02
4.250482683730918976e-02
4.250482683730918976e-02
4.250482683730918976e-02
4.250482683730918976e-02
4.250482683730918976e-02
4.250482683730918976e-02
4.250482683289606017e-02
4.250482683730918976e-02
4.250482683730918976e-02
4.250482683730918976e-02
4.250296025067489686e-02
4.250482683730918976e-02
4.250482683730918976e-02
4.250482683730918976e-02
4.250482683730918976e-02
4.250482683730918976e-02
4.250482683730918976e-02
4.250482683730918976e-02
4.250470930508010864e-02
4.250482683730918976e-02
4.250482683730918976e-02
4.250482683730918976e-02
4.250482683730918976e-02
4.250482683730918976e-02
4.250482683730918976e-02
4.250482683730918976e-02
4.250482683730918976e-02
4.250482683730918976e-02
4.250482683730918976e-02
4.250482683730918976e-02
4.250482683730918976e-02
4.250482683730918976e-02
4.250482683730918976e-02
4.250482683730918976e-02
4.250482683730918976e-02
4.233651662377872771e-02
4.250482683730918976e-02
4.250484167127181051e-02
4.250482683730918976e-02
4.250482683730918976e-02
4.250296025067489686e-02
4.250296025067489686e-02
4.250482683730918976e-02
4.250482683730918976e-02
4.250482683730918976e-02
4.250482683730918976e-02
4.250482683730918976e-02
4.250482683730918976e-02
4.250482683730918976e-02
4.250482683730918976e-02
4.250482683730918976e-02
4.250296025067489686e-02
4.250482683730918976e-02
4.250482683730918976e-02
4.250482683730918976e-02
4.250482683730918976e-02
4.250296025067489686e-02
4.250482683730918976e-02
4.250482683730918976e-02
4.250482683730918976e-02
4.250482683730918976e-02
4.250482683730918976e-02
4.250482683730918976e-02
4.250482683730918976e-02
4.250482683730918976e-02
4.250482683730918976e-02
4.250482683730918976e-02
4.250482683730918976e-02
4.250482683730918976e-02
4.250482683730918976e-02
4.250482683730918976e-02
4.250482683730918976e-02
4.250482683730918976e-02
4.250482683681462009e-02
4.250486582971868543e-02
4.250482683730918976e-02
4.250482716581638343e-02
4.250483237620550359e-02
