4.477163776852911142e-02
4.477163776852911142e-02
4.477163776852911142e-02
4.477163776852911142e-02
4.477163776852911142e-02
4.477163776852911142e-02
4.477163776852911142e-02
4.477163776852911142e-02
4.477163776852911142e-02
4.477163776852911142e-02
4.477163776852911142e-02
4.477163776852911142e-02
4.477156594516952526e-02
4.477163776852911142e-02
4.477148382146029643e-02
4.477163776852911142e-02
4.477163776852911142e-02
4.477163776852911142e-02
4.477163776852911142e-02
4.477163776172784354e-02
4.477163776852911142e-02
4.477163776852911142e-02
4.477163776852911142e-02
4.477163776852911142e-02
4.477163776852911142e-02
4.477163776852911142e-02
4.477163776852911142e-02
4.477163776852911142e-02
4.477163776852911142e-02
4.477163776852911142e-02
4.477163776852911142e-02
4.477163776852911142e-02
4.477163776852911142e-02
4.477163776852911142e-02
4.477163776852911142e-02
4.477163776852911142e-02
4.477163776852911142e-02
4.477163776852911142e-02
4.477163776852911142e-02
4.477163776852911142e-02
4.477163776852911142e-02
4.477163776852911142e-02
4.477163776852911142e-02
4.477163776852911142e-02
4.477163776852911142e-02
4.477163776852911142e-02
4.477163776852911142e-02
4.477163776852911142e-02
4.477163776852911142e-02
4.477163776852911142e-02
4.477163776852911142e-02
4.477163776852911142e-02
4.477163776852911142e-02
4.477163776852911142e-02
4.477163776852911142e-02
4.477163776852911142e-02
4.477163776852911142e-02
4.477163776852911142e-02
4.477163776852911142e-02
4.477163776852911142e-02
4.477163776852911142e-02
4.477163776772886961e-02
4.477163776852911142e-02
4.477163776852911142e-02
4.477163776852911142e-02
4.477163776852911142e-02
4.477163752641121625e-02
4.477163776852911142e-02
4.477163776852911142e-02
4.477163776852911142e-02
4.477163776852911142e-02
4.477163776836889236e-02
4.477163776852911142e-02
4.477163776852911142e-02
4.477163776852911142e-02
4.477163776852911142e-02
4.477163776852911142e-02
4.477163776852911142e-02
4.477163776852911142e-02
4.477163776852911142e-02
4.477163776852911142e-02
4.477163776852911142e-02
4.477163776852911142e-02
4.477163776852911142e-02
4.477163776852911142e-02
4.477163776852911142e-02
4.477163776852911142e-02
4.477163776852911142e-02
4.477163776852911142e-02
4.477163776852911142e-02
4.477163776852911142e-02
4.477163776852911142e-02
4.477163776852911142e-02
4.477163776852911142e-02
4.477163776852911142e-02
4.477163776852911142e-02
4.471278026478173878e-02
4.477163776852911142e-02
4.477163776852911142e-02
4.477163776852911142e-02
4.477163776852911142e-02
4.477163776852911142e-02
4.477163776852911142e-02
4.740955950525173042e-04
4.740955950525173042e-04
4.477163776852911142e-02
4.740955950525173042e-04
4.477163776852911142e-02
4.477163776852911142e-02
4.477163776852911142e-02
4.477163776852911142e-02
4.477163776852911142e-02
4.477163776852911142e-02
4.477163776852911142e-02
4.477163776852911142e-02
4.477163704553565465e-02
4.477160898762781727e-02
4.477163776852911142e-02
4.477163776764894743e-02
4.472613088553992894e-02
4.477163776796902472e-02
4.477163776852911142e-02
4.477163776852911142e-02
4.477163776852911142e-02
4.477163776852911142e-02
4.477163776852911142e-02
4.477163776852911142e-02
4.477163766963351832e-02
4.477163776852911142e-02
4.477163776852911142e-02
4.477163776852911142e-02
4.477163776852911142e-02
4.477163776852911142e-02
4.477163776852911142e-02
4.477163776852911142e-02
4.477163776852911142e-02
4.477163776852911142e-02
4.477163776852911142e-02
4.477163776852911142e-02
4.477083497168091869e-02
4.477163776852911142e-02
4.477163776852911142e-02
4.477163776852911142e-02
4.477163776852911142e-02
4.477163776852911142e-02
4.477163776852911142e-02
4.477163776852911142e-02
4.477163776852911142e-02
4.477163776804907874e-02
4.477163756513711373e-02
4.477163776852911142e-02
4.477163776852911142e-02
4.477163776852911142e-02
4.477163776852911142e-02
4.477163776852911142e-02
4.477163776852911142e-02
4.477163776852911142e-02
4.477163776852911142e-02
4.477163776852911142e-02
4.477163776852911142e-02
4.477163776852911142e-02
4.477163776852911142e-02
4.477163776852911142e-02
4.477163776852911142e-02
4.477163776852911142e-02
4.477163776852911142e-02
4.477163776852911142e-02
4.477163776852911142e-02
4.477163776852911142e-02
4.477163776852911142e-02
4.477163776852911142e-02
4.477163776852911142e-02
4.477163776852911142e-02
4.477163776836889236e-02
4.477163776852911142e-02
4.477163776852911142e-02
4.477163776852911142e-02
4.477163776852911142e-02
4.477163776852911142e-02
4.477163776852911142e-02
4.477163776852911142e-02
4.477163776852911142e-02
4.477163776852911142e-02
4.477163776852911142e-02
4.477163776852911142e-02
4.477163776852911142e-02
4.477163776852911142e-02
4.477163776852911142e-02
4.477163776852911142e-02
4.477163776852911142e-02
4.477163776852911142e-02
4.477163776852911142e-02
4.477163776852911142e-02
4.477163776852911142e-02
4.477163751824975862e-02
4.477163776852911142e-02
4.477163776852911142e-02
4.477163776852911142e-02
4.740955950525173042e-04
4.477163776852911142e-02
4.477163776852911142e-02
4.477163776852911142e-02
4.477163776852911142e-02
4.477163776852911142e-02
4.477163776852911142e-02
4.477163776852911142e-02
4.477163776852911142e-02
4.477163776852911142e-02
4.477157666867467162e-02
4.477163776852911142e-02
4.477163776852911142e-02
4.477163776852911142e-02
4.477163776852911142e-02
4.477163776852911142e-02
4.477163776852911142e-02
4.477163776852911142e-02
4.477163776852911142e-02
4.477163776852911142e-02
4.477163776852911142e-02
4.477163776852911142e-02
4.477163776852911142e-02
4.477163776852911142e-02
4.477163776852911142e-02
4.740955950525173042e-04
4.477163776852911142e-02
4.477156900252392963e-02
4.477163776852911142e-02
4.477163776844905740e-02
4.477163776852911142e-02
4.477163776852911142e-02
4.477163776852911142e-02
4.477163776852911142e-02
4.477163776852911142e-02
4.477163776852911142e-02
4.477163776852911142e-02
4.477163776852911142e-02
4.477163776852911142e-02
4.477163776852911142e-02
4.477163776852911142e-02
4.477163776852911142e-02
4.477163776852911142e-02
4.477163776852911142e-02
4.477163776852911142e-02
4.477163776852911142e-02
4.477163776852911142e-02
4.477163776852911142e-02
4.477163776852911142e-02
4.477163776852911142e-02
4.477163776852911142e-02
4.740955950525173042e-04
4.477163776852911142e-02
4.477163776852911142e-02
4.477163776852911142e-02
4.477163776852911142e-02
4.477163776852911142e-02
4.477163776852911142e-02
4.477163776852911142e-02
4.477163776852911142e-02
4.477163776852911142e-02
4.477163776852911142e-02
4.477163776852911142e-02
4.477163776852911142e-02
4.477163776852911142e-02
4.477163776852911142e-02
4.477163776852911142e-02
4.477163776852911142e-02
4.477163776852911142e-02
4.477163776852911142e-02
4.477163776852911142e-02
4.477163776852911142e-02
4.477163776852911142e-02
4.477163776852911142e-02
4.477163776852911142e-02
4.477163776852911142e-02
4.477163776852911142e-02
4.477163776852911142e-02
4.477163776852911142e-02
4.740955950525173042e-04
4.477163776852911142e-02
4.477163776852911142e-02
4.477163776852911142e-02
5.770978259548842880e-04
4.477163776852911142e-02
4.477163776852911142e-02
4.477163776852911142e-02
4.477163776852911142e-02
4.477163776852911142e-02
4.477163776852911142e-02
4.477163776852911142e-02
4.477163776852911142e-02
4.477163776852911142e-02
4.477163776852911142e-02
4.477163776852911142e-02
4.740955950525173042e-04
4.477163776852911142e-02
4.477163776852911142e-02
4.477163776852911142e-02
4.477163776852911142e-02
4.477163776828896324e-02
4.477163776852911142e-02
4.477163776852911142e-02
4.477163776852911142e-02
4.477163776852911142e-02
4.477163776852911142e-02
4.477163776852911142e-02
4.477163776852911142e-02
4.477163776852911142e-02
4.477163776852911142e-02
4.477163776852911142e-02
4.477163776852911142e-02
4.477163776852911142e-02
4.477163776852911142e-02
4.477163776852911142e-02
4.477163776852911142e-02
4.477163776852911142e-02
4.477163776852911142e-02
4.477163776852911142e-02
4.477163776852911142e-02
4.477163776852911142e-02
4.477163776852911142e-02
4.477163776852911142e-02
4.477163776852911142e-02
4.477163776852911142e-02
4.477163776852911142e-02
4.477163776852911142e-02
4.477163776852911142e-02
4.477163776852911142e-02
4.477163776852911142e-02
4.477163776852911142e-02
4.477163776852911142e-02
4.477139837523308463e-02
4.477163776852911142e-02
4.477163776852911142e-02
4.477163776852911142e-02
4.477163776852911142e-02
4.477163776852911142e-02
4.477163776852911142e-02
4.477163776852911142e-02
4.477163776852911142e-02
4.477163776852911142e-02
4.477163776852911142e-02
4.477163776852911142e-02
4.477163776852911142e-02
4.477163776852911142e-02
4.477163776852911142e-02
4.477163776852911142e-02
4.477163776852911142e-02
4.477163776852911142e-02
4.477163776852911142e-02
4.477163776852911142e-02
4.477163776852911142e-02
4.477163776852911142e-02
4.477163776852911142e-02
4.477163776852911142e-02
4.477163776852911142e-02
4.477163776852911142e-02
4.477163776852911142e-02
4.477163776852911142e-02
4.477163776852911142e-02
4.477163776852911142e-02
4.740955950525173042e-04
4.477163776852911142e-02
4.477163776852911142e-02
4.477163776852911142e-02
4.477163776852911142e-02
4.477163776852911142e-02
4.477163776852911142e-02
4.477163776852911142e-02
4.477163776852911142e-02
9.999821533425543585e-01
4.477163776852911142e-02
4.477163776852911142e-02
4.477163776852911142e-02
4.477163776852911142e-02
4.477163776852911142e-02
4.477163776852911142e-02
4.477163776852911142e-02
4.740955950525173042e-04
4.477163776852911142e-02
4.477163776852911142e-02
4.477163776852911142e-02
4.477163776852911142e-02
4.477163776852911142e-02
4.740955950525173042e-04
4.477163776852911142e-02
4.477163776852911142e-02
4.477163776852911142e-02
4.477163776852911142e-02
4.477163776852911142e-02
4.477163776852911142e-02
4.477163776852911142e-02
4.477163776852911142e-02
4.477163776852911142e-02
4.477163776852911142e-02
4.477163776852911142e-02
4.477163776852911142e-02
4.477163776852911142e-02
4.477163776852911142e-02
4.477163776852911142e-02
4.477163776852911142e-02
4.477163776852911142e-02
4.477163776852911142e-02
4.477163776852911142e-02
4.477163776852911142e-02
4.477163776852911142e-02
4.477163776852911142e-02
4.477163776852911142e-02
4.477163776852911142e-02
4.477163776852911142e-02
4.477163776852911142e-02
4.477163776852911142e-02
4.477163776852911142e-02
4.477163776852911142e-02
4.477163776852911142e-02
4.477163776852911142e-02
4.477163776852911142e-02
4.477163776852911142e-02
4.477163776852911142e-02
4.477163776852911142e-02
4.477163776852911142e-02
4.477163776764894743e-02
4.477163776852911142e-02
4.477163776852911142e-02
4.477163776852911142e-02
4.477163776852911142e-02
4.477163776852911142e-02
4.477163776852911142e-02
4.477163776852911142e-02
4.477163776852911142e-02
4.477163776852911142e-02
4.477163696768362428e-02
4.477163776852911142e-02
4.477163776852911142e-02
4.477163776852911142e-02
4.477163776852911142e-02
4.477163776852911142e-02
4.477163776852911142e-02
4.477163776852911142e-02
4.477163776852911142e-02
4.477163776852911142e-02
4.477163776852911142e-02
4.477163776852911142e-02
4.477163776852911142e-02
4.477163776852911142e-02
4.477163776852911142e-02
4.477163776852911142e-02
4.477163776852911142e-02
4.477163776852911142e-02
4.477163776852911142e-02
4.477163776852911142e-02
4.477163776852911142e-02
4.477163776852911142e-02
4.477163776852911142e-02
4.477163776852911142e-02
4.740955950525173042e-04
4.477163776852911142e-02
4.477163776836889236e-02
4.477163776852911142e-02
4.477163776852911142e-02
4.477163776852911142e-02
4.477161829788181557e-02
4.477163776852911142e-02
4.477163776852911142e-02
4.477163776852911142e-02
4.477163776852911142e-02
4.460791330612702554e-02
4.477163776852911142e-02
4.477163776852911142e-02
4.477163776236810222e-02
4.477163776852911142e-02
4.477163776852911142e-02
4.477163776852911142e-02
4.477163776852911142e-02
4.477163776852911142e-02
4.477163776852911142e-02
4.477163776852911142e-02
4.477163776852911142e-02
4.477163776852911142e-02
4.477163776852911142e-02
4.474572138850665265e-02
4.477163776852911142e-02
4.477163776852911142e-02
4.477163776852911142e-02
4.477163776852911142e-02
4.477163776852911142e-02
4.477163776852911142e-02
4.477163776852911142e-02
4.477163776852911142e-02
4.477163776852911142e-02
4.477163776852911142e-02
4.477163776852911142e-02
4.477163776852911142e-02
4.477163776852911142e-02
4.477163776852911142e-02
4.477163776852911142e-02
4.477163776852911142e-02
4.477163776852911142e-02
4.477163776852911142e-02
4.477163776852911142e-02
4.477163776852911142e-02
4.477163776852911142e-02
4.477163776852911142e-02
4.477163776852911142e-02
4.477163776844905740e-02
4.477084613243791783e-02
4.477163776852911142e-02
4.477163776852911142e-02
4.477163776852911142e-02
4.477163776852911142e-02
4.477163776852911142e-02
4.477163776852911142e-02
4.477163776852911142e-02
4.477163776852911142e-02
4.477163776852911142e-02
4.477163776852911142e-02
4.477163776852911142e-02
4.477163776852911142e-02
4.477163776852911142e-02
4.477163776852911142e-02
4.477163776852911142e-02
4.477163776852911142e-02
4.477163776852911142e-02
4.477163776852911142e-02
4.477163776852911142e-02
4.740955950525173042e-04
4.477163776852911142e-02
4.740955950525173042e-04
4.740955950525173042e-04
4.477163776852911142e-02
4.477163776852911142e-02
4.477163776852911142e-02
4.477163776852911142e-02
4.477163776852911142e-02
4.477163776852911142e-02
4.477163776852911142e-02
4.477163776852911142e-02
4.477163776852911142e-02
4.740955950525173042e-04
4.477163776852911142e-02
4.477163776852911142e-02
4.477163776852911142e-02
4.477163776852911142e-02
4.477163776852911142e-02
4.477163776852911142e-02
4.477163776852911142e-02
4.477163776852911142e-02
4.740955950525173042e-04
4.477163776852911142e-02
4.477163776852911142e-02
4.477163776852911142e-02
4.477163776852911142e-02
4.477163776852911142e-02
4.740955950525173042e-04
4.477163776852911142e-02
4.477163776852911142e-02
4.477163776852911142e-02
4.477163776852911142e-02
4.477163776852911142e-02
4.477163776852911142e-02
4.477163776852911142e-02
4.477163776852911142e-02
4.477163776852911142e-02
4.477163776852911142e-02
4.477163776852911142e-02
4.477163776852911142e-02
4.477163776852911142e-02
4.477163776852911142e-02
4.477163776852911142e-02
4.477163776852911142e-02
4.477163776852911142e-02
4.477163776852911142e-02
4.477163776852911142e-02
4.477163776852911142e-02
4.477163776852911142e-02
4.477163776852911142e-02
4.477163776852911142e-02
4.477163776852911142e-02
4.740955950525173042e-04
4.477163776852911142e-02
4.477163776852911142e-02
4.477163776852911142e-02
4.477163776852911142e-02
4.740955950525173042e-04
4.477163776852911142e-02
4.477163776852911142e-02
4.740955950525173042e-04
4.477163776852911142e-02
4.477163776852911142e-02
4.477163776852911142e-02
4.477163776852911142e-02
4.477163776852911142e-02
4.477163776852911142e-02
4.477163776852911142e-02
4.477163776852911142e-02
4.477163776852911142e-02
4.477163776852911142e-02
4.477163776852911142e-02
4.477163776852911142e-02
4.477163776852911142e-02
4.477163776852911142e-02
4.477163776804907874e-02
4.477163776852911142e-02
4.477163776852911142e-02
4.477163776660880723e-02
4.477163773100320543e-02
4.477163776852911142e-02
4.477163776852911142e-02
4.477163776852911142e-02
4.477163776852911142e-02
4.477163776852911142e-02
4.477163776852911142e-02
4.477163776852911142e-02
4.477163776852911142e-02
4.477163776852911142e-02
4.477163776852911142e-02
4.477163776852911142e-02
4.477163776852911142e-02
4.477163776852911142e-02
4.477163776852911142e-02
4.477163776852911142e-02
4.477163776852911142e-02
4.477163776852911142e-02
4.477163776852911142e-02
4.477163776852911142e-02
4.477163776852911142e-02
4.477163776852911142e-02
4.477163776852911142e-02
4.477163776852911142e-02
4.477163776852911142e-02
4.477163776852911142e-02
4.477163776852911142e-02
4.477163776852911142e-02
4.477163776852911142e-02
4.477163776852911142e-02
4.477163766251241600e-02
4.477163776852911142e-02
4.477163776852911142e-02
4.477163776852911142e-02
4.477163776852911142e-02
4.477163776852911142e-02
4.477163776852911142e-02
4.477163776852911142e-02
4.477163776852911142e-02
4.477163776852911142e-02
4.477163776852911142e-02
4.477163776852911142e-02
4.477163776852911142e-02
4.477163776852911142e-02
4.477163776852911142e-02
4.477163776852911142e-02
4.477163776852911142e-02
4.477163776852911142e-02
4.477163776852911142e-02
4.477163776852911142e-02
4.477163776852911142e-02
4.477163776852911142e-02
4.477163776852911142e-02
4.477163776852911142e-02
4.477163776852911142e-02
4.477163776852911142e-02
4.477163776852911142e-02
4.477163776852911142e-02
4.477163776852911142e-02
4.477163776852911142e-02
4.477163776852911142e-02
4.477163776852911142e-02
4.477163776852911142e-02
4.477163776852911142e-02
4.477162954076056856e-02
4.477163776852911142e-02
4.477163776852911142e-02
4.477163776852911142e-02
4.477163776852911142e-02
4.477163776852911142e-02
4.477163776852911142e-02
4.477163776852911142e-02
4.477163776852911142e-02
4.477163776852911142e-02
4.477163776852911142e-02
4.477163776852911142e-02
4.477163776852911142e-02
4.477163776852911142e-02
4.477163776852911142e-02
4.477163776852911142e-02
4.477163776852911142e-02
4.477163776852911142e-02
4.477163776852911142e-02
4.477163776852911142e-02
4.477163776852911142e-02
4.740955950525173042e-04
4.477163776852911142e-02
4.477163776852911142e-02
4.477163776852911142e-02
4.477163776852911142e-02
4.477163776852911142e-02
4.477163776852911142e-02
4.477163776852911142e-02
4.477163776852911142e-02
4.477163776852911142e-02
4.477163776852911142e-02
4.477163776852911142e-02
4.477163776852911142e-02
4.477163776852911142e-02
4.477163518172383450e-02
4.477163776852911142e-02
4.477163776852911142e-02
4.477163776852911142e-02
4.477163776852911142e-02
4.477163776852911142e-02
4.477163776852911142e-02
4.477163776852911142e-02
4.477163776852911142e-02
4.477163776852911142e-02
4.477163776852911142e-02
4.477163776852911142e-02
4.477163776852911142e-02
4.477163776852911142e-02
4.477163776852911142e-02
4.477163776852911142e-02
4.477163776852911142e-02
4.477163760674351262e-02
4.477163776852911142e-02
4.477163776852911142e-02
4.477163776852911142e-02
4.477163776852911142e-02
4.477163776852911142e-02
4.477163776852911142e-02
4.477163776852911142e-02
4.477163776852911142e-02
4.477163776852911142e-02
4.477163776852911142e-02
4.477163776852911142e-02
4.477163776852911142e-02
4.477163776852911142e-02
4.477163776852911142e-02
4.477163776852911142e-02
4.477163776852911142e-02
4.477163776852911142e-02
4.477163776852911142e-02
4.477163776852911142e-02
4.477163776852911142e-02
4.477163776852911142e-02
4.477163776852911142e-02
4.477163776804907874e-02
4.477163776852911142e-02
4.477163776852911142e-02
4.477163776852911142e-02
4.477163776852911142e-02
4.477163776852911142e-02
4.477163776852911142e-02
4.477163776852911142e-02
4.477163776852911142e-02
4.477163776852911142e-02
4.477163776852911142e-02
4.477163776852911142e-02
4.477163776852911142e-02
4.477163776852911142e-02
4.477163776852911142e-02
4.477163776852911142e-02
4.477163776852911142e-02
4.477163776852911142e-02
4.477163776852911142e-02
4.477163776852911142e-02
4.740955950525173042e-04
4.740955950525173042e-04
3.655371206977172521e-02
4.477163776852911142e-02
4.477163776852911142e-02
4.477163776852911142e-02
4.477163776852911142e-02
4.477163776852911142e-02
4.477163776852911142e-02
4.477163776852911142e-02
4.477163776852911142e-02
4.477163776852911142e-02
4.477163776852911142e-02
4.477163776852911142e-02
4.477163776852911142e-02
4.477163776852911142e-02
4.477163776852911142e-02
4.740955950525173042e-04
4.477163776852911142e-02
4.477163776852911142e-02
4.477163776852911142e-02
4.477163776852911142e-02
4.477163776852911142e-02
4.477163776852911142e-02
4.477163776852911142e-02
4.477163776852911142e-02
4.477163776852911142e-02
4.477163776852911142e-02
4.477163776852911142e-02
4.477163776852911142e-02
4.477163776852911142e-02
4.477163776852911142e-02
4.477163776852911142e-02
4.477163776852911142e-02
4.477163776852911142e-02
4.477163776852911142e-02
4.477163776852911142e-02
4.477163776852911142e-02
4.477163776852911142e-02
4.477163776852911142e-02
4.477163776852911142e-02
4.477163776852911142e-02
4.477163776844905740e-02
4.477163776852911142e-02
4.740955950525173042e-04
4.477163776852911142e-02
4.477163776852911142e-02
4.477163776852911142e-02
4.477163776852911142e-02
4.477163776852911142e-02
4.477163776852911142e-02
4.477163776852911142e-02
4.477163776852911142e-02
4.477163776852911142e-02
4.477163776852911142e-02
4.477163776852911142e-02
4.477163776852911142e-02
4.740955950525173042e-04
4.477163776852911142e-02
4.477163776852911142e-02
4.477163776852911142e-02
4.477163776852911142e-02
4.477163776852911142e-02
4.477163776852911142e-02
4.477163776852911142e-02
4.477163776852911142e-02
4.477163776852911142e-02
4.477163776852911142e-02
4.477163776852911142e-02
4.477163776852911142e-02
4.477163776852911142e-02
4.740955950525173042e-04
4.477163776852911142e-02
4.477163776852911142e-02
4.477163776852911142e-02
4.477163776852911142e-02
4.477163776852911142e-02
4.477163776852911142e-02
4.477163776852911142e-02
4.477163776852911142e-02
4.477163776852911142e-02
4.477163776852911142e-02
4.477163776852911142e-02
4.477163776852911142e-02
4.477163776852911142e-02
4.477163776852911142e-02
4.477163776852911142e-02
4.477163776852911142e-02
4.477163776852911142e-02
4.477163776852911142e-02
4.477163776852911142e-02
4.477163776852911142e-02
4.477163776852911142e-02
4.477163776852911142e-02
4.477163776852911142e-02
4.477163776852911142e-02
4.477163776852911142e-02
4.477163776852911142e-02
4.477163776852911142e-02
4.477163776852911142e-02
4.477163776852911142e-02
4.477163776852911142e-02
4.477163776852911142e-02
4.477163776852911142e-02
4.477163776852911142e-02
4.477163776852911142e-02
4.477163776852911142e-02
4.477163776852911142e-02
4.477163776852911142e-02
4.477163776852911142e-02
4.474819875315687312e-02
4.477163776852911142e-02
4.477163776852911142e-02
4.477163776852911142e-02
4.477163776852911142e-02
4.477163776852911142e-02
4.477163776852911142e-02
4.477163776852911142e-02
4.477163776852911142e-02
4.477163776852911142e-02
4.477163776852911142e-02
4.477163776852911142e-02
4.477163776852911142e-02
4.477163776852911142e-02
4.477163776852911142e-02
4.477163776852911142e-02
4.477163776852911142e-02
4.477163776852911142e-02
4.477163776852911142e-02
4.477163776852911142e-02
4.477163776852911142e-02
4.477163776852911142e-02
4.477163776852911142e-02
4.477163776852911142e-02
4.477163776852911142e-02
4.477163776852911142e-02
4.477163776852911142e-02
4.477163776852911142e-02
4.477163776852911142e-02
4.740955950525173042e-04
4.477163776852911142e-02
4.477163776852911142e-02
4.477163776852911142e-02
4.477163776852911142e-02
4.477163776852911142e-02
4.477163776852911142e-02
4.477163776852911142e-02
4.477163776852911142e-02
4.477163776852911142e-02
4.477163776852911142e-02
4.477163776852911142e-02
4.477163776852911142e-02
4.477163776852911142e-02
4.477163776852911142e-02
4.477163776852911142e-02
4.477163776852911142e-02
4.477163776852911142e-02
4.477163776852911142e-02
4.477163776852911142e-02
4.477163776852911142e-02
4.477163776852911142e-02
4.477163776852911142e-02
4.477163776852911142e-02
4.477163776852911142e-02
4.477163776852911142e-02
4.477163776852911142e-02
4.477163776852911142e-02
4.477163776852911142e-02
4.477163776852911142e-02
4.477163776852911142e-02
4.477163776852911142e-02
4.477163776852911142e-02
4.477163776852911142e-02
4.477163776852911142e-02
4.477163776852911142e-02
4.477163776852911142e-02
4.477163776852911142e-02
4.477163776852911142e-02
4.477163776852911142e-02
4.477163776852911142e-02
4.477163776852911142e-02
4.477163776852911142e-02
4.477163776852911142e-02
4.477163776852911142e-02
4.477163776852911142e-02
4.477163776852911142e-02
4.477155839143821814e-02
4.477163776852911142e-02
4.477163776852911142e-02
4.477163775980767119e-02
4.477163776852911142e-02
4.477163776852911142e-02
4.477163776852911142e-02
4.477163776852911142e-02
4.477163776852911142e-02
4.179469416750853511e-02
4.477009968303329035e-02
4.477163776852911142e-02
4.477163776852911142e-02
4.477163776852911142e-02
4.477163776852911142e-02
4.477163776852911142e-02
4.477163776852911142e-02
4.477163776852911142e-02
4.477163776852911142e-02
4.477163776852911142e-02
4.477163776852911142e-02
4.477163776852911142e-02
4.477163776852911142e-02
4.477163754721441569e-02
4.477163776852911142e-02
4.477163776852911142e-02
4.477163776852911142e-02
4.477163776852911142e-02
4.477163776852911142e-02
4.477163776852911142e-02
4.477163776852911142e-02
4.477163776852911142e-02
4.477163776852911142e-02
4.477163776852911142e-02
4.477163776852911142e-02
4.477163776852911142e-02
4.477163776852911142e-02
4.477163776852911142e-02
4.477163776852911142e-02
4.477163776852911142e-02
4.477163776852911142e-02
4.477163777012921342e-02
4.477163776852911142e-02
4.477163776852911142e-02
4.477163776852911142e-02
4.477163776852911142e-02
4.477163776852911142e-02
4.740955950525173042e-04
4.477163776852911142e-02
4.477163776852911142e-02
4.477163776852911142e-02
4.477163776852911142e-02
4.477163776852911142e-02
4.477163776852911142e-02
4.477155810515375672e-02
4.477163776852911142e-02
4.477163776852911142e-02
4.477163776852911142e-02
4.477163776852911142e-02
4.477163773572383904e-02
4.477163776852911142e-02
4.477163776852911142e-02
4.477163776852911142e-02
4.477163776852911142e-02
4.477163776852911142e-02
4.477163776852911142e-02
4.477163776852911142e-02
4.477163776852911142e-02
4.477163776852911142e-02
4.477163776852911142e-02
4.477163776852911142e-02
4.477163776852911142e-02
4.477163776852911142e-02
4.477163776852911142e-02
4.477163776852911142e-02
4.477163776852911142e-02
4.477163776852911142e-02
4.477163776852911142e-02
4.477163776852911142e-02
4.477163776852911142e-02
4.477163776852911142e-02
4.477163776852911142e-02
4.477163776852911142e-02
4.477163776852911142e-02
4.477163776852911142e-02
4.477163776852911142e-02
4.477163776852911142e-02
4.477163776852911142e-02
4.477163776852911142e-02
4.477163776852911142e-02
4.477163776852911142e-02
4.477163776852911142e-02
4.477163776852911142e-02
4.477163776852911142e-02
4.477163776852911142e-02
4.477163776852911142e-02
4.477163776852911142e-02
4.477163776852911142e-02
4.477163776852911142e-02
4.477163776852911142e-02
4.477163776852911142e-02
4.477163776852911142e-02
4.477163776852911142e-02
4.477163776852911142e-02
4.477163776852911142e-02
4.477163776852911142e-02
4.477163776852911142e-02
4.477163776852911142e-02
4.477163776852911142e-02
4.477163776852911142e-02
4.477163776852911142e-02
4.477163776852911142e-02
4.477163776852911142e-02
4.477163776852911142e-02
4.477163776852911142e-02
4.477163776852911142e-02
4.477163776852911142e-02
4.477163776852911142e-02
4.477163776852911142e-02
4.477163776852911142e-02
4.477163776852911142e-02
4.477163776852911142e-02
4.477163776852911142e-02
4.477163776852911142e-02
4.477163776852911142e-02
4.477163776852911142e-02
4.477163776852911142e-02
4.477163776852911142e-02
4.477163776852911142e-02
4.477163776852911142e-02
4.477163776852911142e-02
4.477163776852911142e-02
4.477163776852911142e-02
4.477163776852911142e-02
4.477163776852911142e-02
4.477163776852911142e-02
4.141471118031522097e-02
4.477163776852911142e-02
4.477163776852911142e-02
4.477163776852911142e-02
4.477163776852911142e-02
4.477163776852911142e-02
4.477163776852911142e-02
4.477163776852911142e-02
4.477163776852911142e-02
4.477163776852911142e-02
4.477163776852911142e-02
4.477163776852911142e-02
4.477163776852911142e-02
4.477163776852911142e-02
4.477163776852911142e-02
4.477163776852911142e-02
4.477163776852911142e-02
4.477163776852911142e-02
4.477163776852911142e-02
4.477163776852911142e-02
4.477163776852911142e-02
4.477163764458960693e-02
4.477163776852911142e-02
4.477163776852911142e-02
4.477163776852911142e-02
4.477163776852911142e-02
4.477163776852911142e-02
4.477163776852911142e-02
4.477163776852911142e-02
4.477163776852911142e-02
4.477163776852911142e-02
4.477163776852911142e-02
4.477163776852911142e-02
4.477163776852911142e-02
4.477163776852911142e-02
4.477163776852911142e-02
4.477163776852911142e-02
4.477163776852911142e-02
4.477163776852911142e-02
4.477163776852911142e-02
4.477163776852911142e-02
4.477163776852911142e-02
4.477163776820891616e-02
4.477163776852911142e-02
4.477163776852911142e-02
4.477163776852911142e-02
4.477163776852911142e-02
4.477163776852911142e-02
4.477163776852911142e-02
4.477163776852911142e-02
4.477163776852911142e-02
4.477163776852911142e-02
4.477163776852911142e-02
4.477163776852911142e-02
4.477163776852911142e-02
4.477163776852911142e-02
4.740955950525173042e-04
4.477163776852911142e-02
4.477163776852911142e-02
4.477163776852911142e-02
4.477163776852911142e-02
4.477163776852911142e-02
4.477163776852911142e-02
4.477163776852911142e-02
4.477163776852911142e-02
4.477163776852911142e-02
4.477163776852911142e-02
4.477163776852911142e-02
4.477163776852911142e-02
4.477163776852911142e-02
4.477163776852911142e-02
4.477163776852911142e-02
4.740955950525173042e-04
4.740955950525173042e-04
4.477163776852911142e-02
4.477163776852911142e-02
4.477163776852911142e-02
4.477163776852911142e-02
4.477163776852911142e-02
4.477163776852911142e-02
4.477163776852911142e-02
4.477163776852911142e-02
4.477163776852911142e-02
4.477163776852911142e-02
4.477163776852911142e-02
4.477163776852911142e-02
4.477163776852911142e-02
4.477163776852911142e-02
4.740955950525173042e-04
4.477163775868748391e-02
4.477163776852911142e-02
4.477163776852911142e-02
4.477163776852911142e-02
4.477163776852911142e-02
4.477163776852911142e-02
4.477163776852911142e-02
4.477163776852911142e-02
4.477163776852911142e-02
4.477163776852911142e-02
4.477163776852911142e-02
4.477163776852911142e-02
4.477163776852911142e-02
4.477163776852911142e-02
4.477163776852911142e-02
4.477163776852911142e-02
4.477163776852911142e-02
4.477163776852911142e-02
4.477163776852911142e-02
4.477163776852911142e-02
4.477163776852911142e-02
4.477163776852911142e-02
4.477163776852911142e-02
4.477163776852911142e-02
4.477163776852911142e-02
4.477163776852911142e-02
4.477163776852911142e-02
4.740955950525173042e-04
4.477163776852911142e-02
4.477163776852911142e-02
4.477163776852911142e-02
4.477163776852911142e-02
4.477163776852911142e-02
4.477163776852911142e-02
4.477163776852911142e-02
4.477163776852911142e-02
4.477163776852911142e-02
4.477163776852911142e-02
4.477163776852911142e-02
4.477163776852911142e-02
4.477163776852911142e-02
4.477163776852911142e-02
4.477163776852911142e-02
4.477163776852911142e-02
4.477163776852911142e-02
4.477163776852911142e-02
4.477163776852911142e-02
4.477163776820891616e-02
4.477163776852911142e-02
4.477163776852911142e-02
4.477163776852911142e-02
4.477163776852911142e-02
4.477163776852911142e-02
4.477163776852911142e-02
4.477163776852911142e-02
4.477163776852911142e-02
4.477163776852911142e-02
4.477163776852911142e-02
4.477163776852911142e-02
4.477163776852911142e-02
4.477163776852911142e-02
4.477163776852911142e-02
4.477163776852911142e-02
4.477163776852911142e-02
4.477163776852911142e-02
4.477163776852911142e-02
4.477163776852911142e-02
4.477163776852911142e-02
4.477163776852911142e-02
4.477163776852911142e-02
4.477163776852911142e-02
4.477163776852911142e-02
4.477163776852911142e-02
4.477163776852911142e-02
4.477163776852911142e-02
4.477163776852911142e-02
4.477163776852911142e-02
4.477163776852911142e-02
4.477163776852911142e-02
4.477163776852911142e-02
4.477163776852911142e-02
4.477163776852911142e-02
4.477163776852911142e-02
4.477163776852911142e-02
4.477163776852911142e-02
4.477163776852911142e-02
4.477163776852911142e-02
4.477163776852911142e-02
4.477163776852911142e-02
4.477163776852911142e-02
4.477163776852911142e-02
4.477163776852911142e-02
4.477163776852911142e-02
4.477163776852911142e-02
4.477163776852911142e-02
4.477163776852911142e-02
4.477163776852911142e-02
4.477163776852911142e-02
4.477163776852911142e-02
4.477163776852911142e-02
4.477163776852911142e-02
4.477163776852911142e-02
4.477163776852911142e-02
4.477163776852911142e-02
4.477163776852911142e-02
4.477163776852911142e-02
4.477163776852911142e-02
4.477163776852911142e-02
4.477163776852911142e-02
4.477163776852911142e-02
4.477163776852911142e-02
4.477163776852911142e-02
4.477163776852911142e-02
4.477163776852911142e-02
4.477163776852911142e-02
4.477163776852911142e-02
4.477163776852911142e-02
4.477163776852911142e-02
4.477163776852911142e-02
4.477163776852911142e-02
4.477163030736040772e-02
4.477163776852911142e-02
4.477163776852911142e-02
4.477163776852911142e-02
4.477163776852911142e-02
4.477163776852911142e-02
4.477163776852911142e-02
4.477163776852911142e-02
4.477163776852911142e-02
4.477163776852911142e-02
4.477163776852911142e-02
4.477163776852911142e-02
4.477163776852911142e-02
4.477163776852911142e-02
4.477163776852911142e-02
4.477163776852911142e-02
4.477163776852911142e-02
4.477163776812899398e-02
4.477163776852911142e-02
4.477163776852911142e-02
4.740955950525173042e-04
4.477163776852911142e-02
4.477163776852911142e-02
4.477163776852911142e-02
4.477163776852911142e-02
4.477163776756890035e-02
4.477163776852911142e-02
4.477163776852911142e-02
4.477163776852911142e-02
4.477163776852911142e-02
4.740955950525173042e-04
4.477163776852911142e-02
4.477163776852911142e-02
4.474587895335067206e-02
4.477163776852911142e-02
4.477163776852911142e-02
4.477163776852911142e-02
4.477163776852911142e-02
4.477163776852911142e-02
4.477163776852911142e-02
4.477163776852911142e-02
4.477163776852911142e-02
4.477163776852911142e-02
4.477163776852911142e-02
4.477163776852911142e-02
4.477163776852911142e-02
4.477163776852911142e-02
4.477163776852911142e-02
4.477163776852911142e-02
4.477163776852911142e-02
4.477163776852911142e-02
4.477163776852911142e-02
4.477163776852911142e-02
4.477163772428223443e-02
4.477163776852911142e-02
4.477163776852911142e-02
4.477163776852911142e-02
4.477163776852911142e-02
4.477163776852911142e-02
4.477163776852911142e-02
4.477163776852911142e-02
4.477163776852911142e-02
4.477163776852911142e-02
4.477163776852911142e-02
4.477163776852911142e-02
4.477163776852911142e-02
4.477163776852911142e-02
4.477163776852911142e-02
4.477163776852911142e-02
4.477162218817008765e-02
4.477163776852911142e-02
4.477163776852911142e-02
4.477163776852911142e-02
4.477163776852911142e-02
4.477163776852911142e-02
4.477163776852911142e-02
4.477163776852911142e-02
4.477163776852911142e-02
4.477163776852911142e-02
4.477163776852911142e-02
4.477163776852911142e-02
4.477163776852911142e-02
4.477163776852911142e-02
4.477163776852911142e-02
4.477163776852911142e-02
4.477163776852911142e-02
4.477163776852911142e-02
4.477163776852911142e-02
4.477163776852911142e-02
4.477163776852911142e-02
4.477163776852911142e-02
4.477163776852911142e-02
4.477163776852911142e-02
4.477163776852911142e-02
4.477163776852911142e-02
4.477163776852911142e-02
4.477163776852911142e-02
4.477163776852911142e-02
4.477163776852911142e-02
4.477163776852911142e-02
4.477163776852911142e-02
4.477163776852911142e-02
4.477163776852911142e-02
4.477163776852911142e-02
4.477163776852911142e-02
4.477163776852911142e-02
4.477163776852911142e-02
4.477163776852911142e-02
4.477163776852911142e-02
4.477163776844905740e-02
4.477163776852911142e-02
4.477163776852911142e-02
4.477163776852911142e-02
4.477163776852911142e-02
4.477163776852911142e-02
4.477163776852911142e-02
4.477163776852911142e-02
4.477163776852911142e-02
4.477163776852911142e-02
4.477163776852911142e-02
4.477163776852911142e-02
4.477163776852911142e-02
4.477163776852911142e-02
4.477163776852911142e-02
4.477163776852911142e-02
4.477163776852911142e-02
4.477163776852911142e-02
4.477163776852911142e-02
4.477163776852911142e-02
4.477163776852911142e-02
4.477163776852911142e-02
4.477163776852911142e-02
4.477163776852911142e-02
4.477163776852911142e-02
4.477163776852911142e-02
4.477163776852911142e-02
4.740955950525173042e-04
4.740955950525173042e-04
4.477163776852911142e-02
4.477163776852911142e-02
4.477163776852911142e-02
4.477163776852911142e-02
4.477163776852911142e-02
4.477163776852911142e-02
4.477163776852911142e-02
4.477163776852911142e-02
4.477163776852911142e-02
4.476825322690526632e-02
4.477163776852911142e-02
4.477163776852911142e-02
4.477163776852911142e-02
4.477163776852911142e-02
4.476469722492633363e-02
4.477163776852911142e-02
4.477163776852911142e-02
4.477163776852911142e-02
4.477163776852911142e-02
4.477163776852911142e-02
4.740955950525173042e-04
4.477163776852911142e-02
4.477163776852911142e-02
4.740955950525173042e-04
4.477163776852911142e-02
4.477163776852911142e-02
4.477163776852911142e-02
4.477163776852911142e-02
4.477163776852911142e-02
4.477163776852911142e-02
4.477163776852911142e-02
4.477163776852911142e-02
4.477163776852911142e-02
4.477163776852911142e-02
4.477163776852911142e-02
4.477163776852911142e-02
4.477163776852911142e-02
4.477163776852911142e-02
4.477163776852911142e-02
4.477163776852911142e-02
4.477163776852911142e-02
4.477163776852911142e-02
4.477163776852911142e-02
4.477163776852911142e-02
4.477163776852911142e-02
4.477163776852911142e-02
4.477163776716878291e-02
4.477163776852911142e-02
4.477163776852911142e-02
4.477163776436843962e-02
4.476847065432242728e-02
4.477163776836889236e-02
4.477163776852911142e-02
4.477163748624472112e-02
4.477163776852911142e-02
4.477163776852911142e-02
4.477163776852911142e-02
4.477163775948772573e-02
4.477163776852911142e-02
4.477163776852911142e-02
4.477163776852911142e-02
4.477163776852911142e-02
4.477163776852911142e-02
4.477163776852911142e-02
4.477163776852911142e-02
4.477163776852911142e-02
4.477163776852911142e-02
4.477163776852911142e-02
4.477163776852911142e-02
4.477163776852911142e-02
4.477163776852911142e-02
4.740955950525173042e-04
4.477163776852911142e-02
4.477160710389371107e-02
4.477163776852911142e-02
4.477163776852911142e-02
4.477142762135408183e-02
4.477163776852911142e-02
4.477163776852911142e-02
4.477163776852911142e-02
4.477163776852911142e-02
4.477163776852911142e-02
4.477163776852911142e-02
4.477163776852911142e-02
4.477163776852911142e-02
4.477163776852911142e-02
4.477163774756569292e-02
4.477163776852911142e-02
4.477163776852911142e-02
4.477163776852911142e-02
4.477163776852911142e-02
4.477163776852911142e-02
4.477163776852911142e-02
4.477163776852911142e-02
4.477163776852911142e-02
4.477163776852911142e-02
4.476140040106649232e-02
4.477163776852911142e-02
4.477163776844905740e-02
4.477163776844905740e-02
4.477163745624003488e-02
4.477163776852911142e-02
4.477163776852911142e-02
4.477163776852911142e-02
4.477163776852911142e-02
4.477163776852911142e-02
4.477163776852911142e-02
4.477163776852911142e-02
4.477163776852911142e-02
4.477163776852911142e-02
4.477163776852911142e-02
4.477163776852911142e-02
4.477163776852911142e-02
4.477163776852911142e-02
4.477163776852911142e-02
4.740955950525173042e-04
4.477163776852911142e-02
4.477163776852911142e-02
4.477163776852911142e-02
4.477163776852911142e-02
4.477163776852911142e-02
4.477163776852911142e-02
4.477163776852911142e-02
4.474104924950448453e-02
4.477163776852911142e-02
4.477163776852911142e-02
4.477163776852911142e-02
4.477163776852911142e-02
4.477163776852911142e-02
4.477163776852911142e-02
4.477163776852911142e-02
4.477115103977220845e-02
4.477163776852911142e-02
4.477163776852911142e-02
4.477163776852911142e-02
4.477163776852911142e-02
4.477163776524860361e-02
4.477163776852911142e-02
4.477163776852911142e-02
4.477163776852911142e-02
4.477163776852911142e-02
4.477163776852911142e-02
4.477163776852911142e-02
4.477163776852911142e-02
4.477163776852911142e-02
4.477163776852911142e-02
4.477163776852911142e-02
4.477163776852911142e-02
4.477163776852911142e-02
4.477163776852911142e-02
4.477163776852911142e-02
4.477163776852911142e-02
4.477163776852911142e-02
4.477163776852911142e-02
4.477163776852911142e-02
4.477163776852911142e-02
4.477163776852911142e-02
4.477163776852911142e-02
4.477163776852911142e-02
4.477163776852911142e-02
4.477163776852911142e-02
4.477163776852911142e-02
4.477163776852911142e-02
4.477163776852911142e-02
4.477163776852911142e-02
4.477163776852911142e-02
4.477163776852911142e-02
4.477163776852911142e-02
4.477163776852911142e-02
4.477163776852911142e-02
4.477163776852911142e-02
4.477163776852911142e-02
4.477163776852911142e-02
4.477163776852911142e-02
4.477163776852911142e-02
4.477163776852911142e-02
4.477163776852911142e-02
4.477163776852911142e-02
4.477163776852911142e-02
4.477163776852911142e-02
4.477163776852911142e-02
4.477163776852911142e-02
4.477163776852911142e-02
4.477163776852911142e-02
4.477163776852911142e-02
4.477163776852911142e-02
4.477163776852911142e-02
4.477163776852911142e-02
4.477163776852911142e-02
4.477163776852911142e-02
4.477163776852911142e-02
4.477163776852911142e-02
4.477163776852911142e-02
4.477163776852911142e-02
4.477163776852911142e-02
4.477163776852911142e-02
4.477163776852911142e-02
4.477163776852911142e-02
4.477163776852911142e-02
4.740955950525173042e-04
4.477163776852911142e-02
4.477163776852911142e-02
4.477163776852911142e-02
4.477163776852911142e-02
4.477163776852911142e-02
4.477163776852911142e-02
4.477163776852911142e-02
4.477147954504451938e-02
4.477163776852911142e-02
4.477163776852911142e-02
4.477163776852911142e-02
4.477163776852911142e-02
4.477163776852911142e-02
4.477163776852911142e-02
4.477163776852911142e-02
4.477163776852911142e-02
4.477163776852911142e-02
4.477163776852911142e-02
4.477163776852911142e-02
4.477163776852911142e-02
4.477163776852911142e-02
4.477163776852911142e-02
4.477163776852911142e-02
4.477163776852911142e-02
4.476983696029039617e-02
4.477163776852911142e-02
4.477163776716878291e-02
4.477163776852911142e-02
4.477163776852911142e-02
4.740955950525173042e-04
4.740955950525173042e-04
4.477163776852911142e-02
4.477163776852911142e-02
4.477163776852911142e-02
4.477163776852911142e-02
4.477163776852911142e-02
4.477163776852911142e-02
4.477163776852911142e-02
4.477163776852911142e-02
4.477163776852911142e-02
4.740955950525173042e-04
4.477163776356821168e-02
4.477163776852911142e-02
4.477163776852911142e-02
4.477163776852911142e-02
4.740955950525173042e-04
4.477163776852911142e-02
4.477163776852911142e-02
4.477163776852911142e-02
4.477163776852911142e-02
4.477163776852911142e-02
4.477163776852911142e-02
4.477163776852911142e-02
4.477163776852911142e-02
4.477163776852911142e-02
4.477163776852911142e-02
4.477163776852911142e-02
4.477163776852911142e-02
4.477163776852911142e-02
4.477163776852911142e-02
4.477163776852911142e-02
4.477163776852911142e-02
4.477163776852911142e-02
4.477163776852911142e-02
4.477163776852911142e-02
4.477163529758180355e-02
4.477163776852911142e-02
